<?xml version="1.0" encoding="UTF-8"?>
<!-- Generated by org.testng.reporters.JUnitXMLReporter -->
<testsuite hostname="WW7L4117" name="SanityCheck" tests="65" failures="2" timestamp="17 Jul 2017 17:24:20 GMT" time="5158.855" errors="0">
  <testcase name="CatLogicTC" time="10.896" classname="com.lrn.cat.tc.LoginTC"/>
  <testcase name="CatCreateCourseTC" time="27.681" classname="com.lrn.cat.tc.CreateCourseTC"/>
  <testcase name="CatAddLesson" time="12.848" classname="com.lrn.cat.tc.AddLessonTC"/>
  <testcase name="CatAddTopic" time="7.102" classname="com.lrn.cat.tc.AddTopicTC"/>
  <testcase name="CatAddPage" time="14.794" classname="com.lrn.cat.tc.AddPageTC"/>
  <testcase name="CatEditConcerntTemplateTC" time="140.75" classname="com.lrn.cat.tc.EditConcernTemplateTC"/>
  <testcase name="CatAddPage" time="14.815" classname="com.lrn.cat.tc.AddPageTC1"/>
  <testcase name="CatEditConsentTemplate" time="87.745" classname="com.lrn.cat.tc.EditConsentTemplateTC"/>
  <testcase name="CatAddPage" time="14.793" classname="com.lrn.cat.tc.AddPageTC2"/>
  <testcase name="CatEditSAQ" time="162.999" classname="com.lrn.cat.tc.EditSAQTC"/>
  <testcase name="CatAddLesson" time="13.031" classname="com.lrn.cat.tc.AddLessonTC1"/>
  <testcase name="CatAddTopic" time="7.269" classname="com.lrn.cat.tc.AddTopicTC1"/>
  <testcase name="CatAddPage" time="14.762" classname="com.lrn.cat.tc.AddPageTC3"/>
  <testcase name="CatEditTextTemplate" time="62.603" classname="com.lrn.cat.tc.EditTextTemplateTC"/>
  <testcase name="CatAddPage" time="14.809" classname="com.lrn.cat.tc.AddPageTC4"/>
  <testcase name="CatEditBinaryTemplate" time="108.833" classname="com.lrn.cat.tc.EditBinaryTemplateTC"/>
  <testcase name="CatAddPage" time="14.853" classname="com.lrn.cat.tc.AddPageTC5"/>
  <testcase name="CatEditCarouselTemplate" time="148.863" classname="com.lrn.cat.tc.EditCarouselTemplateTC"/>
  <testcase name="CatAddTopic" time="8.079" classname="com.lrn.cat.tc.AddTopicTC2"/>
  <testcase name="CatAddPage" time="14.786" classname="com.lrn.cat.tc.AddPageTC6"/>
  <testcase name="CatEditConsult" time="174.778" classname="com.lrn.cat.tc.EditConsultTemplateTC"/>
  <testcase name="CatAddPage" time="14.886" classname="com.lrn.cat.tc.AddPageTC7"/>
  <testcase name="CatEditVideoTemplate" time="233.859" classname="com.lrn.cat.tc.EditVideoTemplateTC"/>
  <testcase name="CatAddPage" time="14.899" classname="com.lrn.cat.tc.AddPageTC8"/>
  <testcase name="SidebarPageTC" time="75.556" classname="com.lrn.cat.tc.SidebarTemplateTC"/>
  <testcase name="CatAddLesson" time="13.418" classname="com.lrn.cat.tc.AddLessonTC2"/>
  <testcase name="CatAddPage" time="14.844" classname="com.lrn.cat.tc.AddPageTC9"/>
  <testcase name="CatEditDragAndDropTemplate" time="181.188" classname="com.lrn.cat.tc.EditDragAndDropTemplateTC"/>
  <testcase name="CatAddPage" time="14.908" classname="com.lrn.cat.tc.AddPageTC10"/>
  <testcase name="SelectableImagePageTC" time="193.006" classname="com.lrn.cat.tc.SelectableImageTC"/>
  <testcase name="CatAddPage" time="14.976" classname="com.lrn.cat.tc.AddPageTC11"/>
  <testcase name="CatEditMultipleScenarioTemplateTC" time="416.505" classname="com.lrn.cat.tc.EditMultipleScenarioTemplateTC"/>
  <testcase name="CatAddPage" time="14.935" classname="com.lrn.cat.tc.AddPageTC12"/>
  <testcase name="CatEditSelectAndRevealTemplate" time="264.587" classname="com.lrn.cat.tc.EditSelectAndRevealTemplateTC"/>
  <testcase name="CatCreateTestOutLesson" time="302.975" classname="com.lrn.cat.tc.CreateTestOutLessonTC"/>
  <testcase name="CatCreateBranchingLesson" time="117.199" classname="com.lrn.cat.tc.CreateBranchingLessonTC"/>
  <testcase name="CatLockPage" time="34.096" classname="com.lrn.cat.tc.LockPageTC"/>
  <testcase name="CatLockPage" time="1.336" classname="com.lrn.cat.tc.UnlockPageTC"/>
  <testcase name="CatHidePage" time="34.181" classname="com.lrn.cat.tc.HidePageTC"/>
  <testcase name="CatUnhidePage" time="21.328" classname="com.lrn.cat.tc.UnhidePageTC"/>
  <testcase name="CatCopyNode" time="31.552" classname="com.lrn.cat.tc.CopyNodeTC"/>
  <testcase name="CatPasteNode" time="12.301" classname="com.lrn.cat.tc.PasteNodeTC"/>
  <testcase name="CatDeletePage" time="34.389" classname="com.lrn.cat.tc.DeletePageTC"/>
  <testcase name="CatLandingPage" time="51.249" classname="com.lrn.cat.tc.LandingPageTC"/>
  <testcase name="CatEditCertificationTC" time="155.711" classname="com.lrn.cat.tc.EditCertificationTC"/>
  <testcase name="CATKnowledgeCheckTC" time="121.472" classname="com.lrn.cat.tc.KnowledgeCheckTC">
    <failure type="java.lang.NullPointerException">
      <![CDATA[java.lang.NullPointerException
	at com.lrn.cat.page.KnowledgeCheck.knowledgecheck(KnowledgeCheck.java:184)
	at com.lrn.cat.tc.KnowledgeCheckTC.CATKnowledgeCheckTC(KnowledgeCheckTC.java:13)
... Removed 24 stack frames]]>
    </failure>
  </testcase> <!-- CATKnowledgeCheckTC -->
  <testcase name="CATKCConifgTC" time="36.157" classname="com.lrn.cat.tc.KCConfigTC">
    <failure type="org.openqa.selenium.StaleElementReferenceException" message="stale element reference: element is not attached to the page document
  (Session info: chrome=59.0.3071.115)
  (Driver info: chromedriver=2.30.477700 (0057494ad8732195794a7b32078424f92a5fce41),platform=Windows NT 6.1.7601 SP1 x86_64) (WARNING: The server did not provide any stacktrace information)
Command duration or timeout: 50 milliseconds
For documentation on this error, please visit: http://seleniumhq.org/exceptions/stale_element_reference.html
Build info: version: &amp;apos;2.48.1&amp;apos;, revision: &amp;apos;d80083d8f7b0b0319976ef9712f7a2b531abaceb&amp;apos;, time: &amp;apos;2015-10-08 14:16:53&amp;apos;
System info: host: &amp;apos;WW7L4117&amp;apos;, ip: &amp;apos;10.1.91.68&amp;apos;, os.name: &amp;apos;Windows 7&amp;apos;, os.arch: &amp;apos;amd64&amp;apos;, os.version: &amp;apos;6.1&amp;apos;, java.version: &amp;apos;1.8.0_40&amp;apos;
Driver info: org.openqa.selenium.chrome.ChromeDriver
Capabilities [{applicationCacheEnabled=false, rotatable=false, mobileEmulationEnabled=false, networkConnectionEnabled=false, chrome={chromedriverVersion=2.30.477700 (0057494ad8732195794a7b32078424f92a5fce41), userDataDir=C:\Users\DSHOKO~1\AppData\Local\Temp\scoped_dir33324_7515}, takesHeapSnapshot=true, pageLoadStrategy=normal, databaseEnabled=false, handlesAlerts=true, hasTouchScreen=false, version=59.0.3071.115, platform=XP, browserConnectionEnabled=false, nativeEvents=true, acceptSslCerts=true, locationContextEnabled=true, webStorageEnabled=true, browserName=chrome, takesScreenshot=true, javascriptEnabled=true, cssSelectorsEnabled=true, unexpectedAlertBehaviour=}]
Session ID: d416803a2b5af0480f52496c7f037c51">
      <![CDATA[org.openqa.selenium.StaleElementReferenceException: stale element reference: element is not attached to the page document
  (Session info: chrome=59.0.3071.115)
  (Driver info: chromedriver=2.30.477700 (0057494ad8732195794a7b32078424f92a5fce41),platform=Windows NT 6.1.7601 SP1 x86_64) (WARNING: The server did not provide any stacktrace information)
Command duration or timeout: 50 milliseconds
For documentation on this error, please visit: http://seleniumhq.org/exceptions/stale_element_reference.html
Build info: version: '2.48.1', revision: 'd80083d8f7b0b0319976ef9712f7a2b531abaceb', time: '2015-10-08 14:16:53'
System info: host: 'WW7L4117', ip: '10.1.91.68', os.name: 'Windows 7', os.arch: 'amd64', os.version: '6.1', java.version: '1.8.0_40'
Driver info: org.openqa.selenium.chrome.ChromeDriver
Capabilities [{applicationCacheEnabled=false, rotatable=false, mobileEmulationEnabled=false, networkConnectionEnabled=false, chrome={chromedriverVersion=2.30.477700 (0057494ad8732195794a7b32078424f92a5fce41), userDataDir=C:\Users\DSHOKO~1\AppData\Local\Temp\scoped_dir33324_7515}, takesHeapSnapshot=true, pageLoadStrategy=normal, databaseEnabled=false, handlesAlerts=true, hasTouchScreen=false, version=59.0.3071.115, platform=XP, browserConnectionEnabled=false, nativeEvents=true, acceptSslCerts=true, locationContextEnabled=true, webStorageEnabled=true, browserName=chrome, takesScreenshot=true, javascriptEnabled=true, cssSelectorsEnabled=true, unexpectedAlertBehaviour=}]
Session ID: d416803a2b5af0480f52496c7f037c51
	at org.openqa.selenium.remote.ErrorHandler.createThrowable(ErrorHandler.java:206)
	at org.openqa.selenium.remote.ErrorHandler.throwIfResponseFailed(ErrorHandler.java:158)
	at org.openqa.selenium.remote.RemoteWebDriver.execute(RemoteWebDriver.java:647)
	at org.openqa.selenium.remote.RemoteWebElement.execute(RemoteWebElement.java:326)
	at org.openqa.selenium.remote.RemoteWebElement.getText(RemoteWebElement.java:178)
	at com.lrn.cat.page.KCConifg.knowledgecheckTab(KCConifg.java:229)
	at com.lrn.cat.tc.KCConfigTC.CATKCConifgTC(KCConfigTC.java:16)
... Removed 28 stack frames]]>
    </failure>
  </testcase> <!-- CATKCConifgTC -->
  <testcase name="CatTileMenu" time="155.61" classname="com.lrn.cat.tc.TileMenuTC"/>
  <testcase name="CatEditCourseFeatures" time="174.576" classname="com.lrn.cat.tc.CourseFeaturesTC"/>
  <testcase name="CatPublishCourse" time="62.461" classname="com.lrn.cat.tc.PublishCourseTC"/>
  <testcase name="CatLogicTC" time="5.376" classname="com.lrn.cat.tc.SearchCourseTC"/>
  <testcase name="CatEditGetStarted" time="20.763" classname="com.lrn.cat.tc.EditGetStartedTC"/>
  <testcase name="CatReorderNodes" time="78.535" classname="com.lrn.cat.tc.ReorderNodesTC"/>
  <testcase name="CatPreviewCourse" time="459.083" classname="com.lrn.cat.tc.PreviewCourseTC"/>
  <testcase name="CatRevertCourse" time="14.361" classname="com.lrn.cat.tc.RevertCourseTC"/>
  <testcase name="CatExportToWord" time="52.152" classname="com.lrn.cat.tc.ExportToWordTC"/>
  <testcase name="CatPushToCDV" time="43.946" classname="com.lrn.cat.tc.PushToCDVTC"/>
  <testcase name="CatCloneCourse" time="44.855" classname="com.lrn.cat.tc.CloneCourseTC"/>
  <testcase name="CatDeleteCourse" time="14.309" classname="com.lrn.cat.tc.DeleteCourseTC"/>
  <testcase name="CatLogicTC" time="2.895" classname="com.lrn.cat.tc.LogoutTC"/>
  <testcase name="login" time="5.654" classname="com.lrn.cat.tc.LCECLoginTC"/>
  <testcase name="searchModule" time="119.963" classname="com.lrn.cat.tc.ModuleManagerTC"/>
  <testcase name="CatCustomizerRole" time="368.492" classname="com.lrn.cat.tc.CustomizerRoleTC"/>
  <testcase name="aferSaveAndExit" time="19.549" classname="com.lrn.cat.tc.AfterSaveAndExitTC"/>
  <testcase name="CatLCECLogout" time="5.012" classname="com.lrn.cat.tc.LCECLogoutTC"/>
</testsuite> <!-- SanityCheck -->
