<html>
<head>
<title>TestNG:  SanityCheck</title>
<link href="../testng.css" rel="stylesheet" type="text/css" />
<link href="../my-testng.css" rel="stylesheet" type="text/css" />

<style type="text/css">
.log { display: none;} 
.stack-trace { display: none;} 
</style>
<script type="text/javascript">
<!--
function flip(e) {
  current = e.style.display;
  if (current == 'block') {
    e.style.display = 'none';
    return 0;
  }
  else {
    e.style.display = 'block';
    return 1;
  }
}

function toggleBox(szDivId, elem, msg1, msg2)
{
  var res = -1;  if (document.getElementById) {
    res = flip(document.getElementById(szDivId));
  }
  else if (document.all) {
    // this is the way old msie versions work
    res = flip(document.all[szDivId]);
  }
  if(elem) {
    if(res == 0) elem.innerHTML = msg1; else elem.innerHTML = msg2;
  }

}

function toggleAllBoxes() {
  if (document.getElementsByTagName) {
    d = document.getElementsByTagName('div');
    for (i = 0; i < d.length; i++) {
      if (d[i].className == 'log') {
        flip(d[i]);
      }
    }
  }
}

// -->
</script>

</head>
<body>
<h2 align='center'>SanityCheck</h2><table border='1' align="center">
<tr>
<td>Tests passed/Failed/Skipped:</td><td>64/4/0</td>
</tr><tr>
<td>Started on:</td><td>Mon Jul 31 08:43:02 PDT 2017</td>
</tr>
<tr><td>Total time:</td><td>5920 seconds (5920037 ms)</td>
</tr><tr>
<td>Included groups:</td><td></td>
</tr><tr>
<td>Excluded groups:</td><td></td>
</tr>
</table><p/>
<small><i>(Hover the method name to see the test class name)</i></small><p/>
<table width='100%' border='1' class='invocation-failed'>
<tr><td colspan='4' align='center'><b>FAILED TESTS</b></td></tr>
<tr><td><b>Test method</b></td>
<td width="30%"><b>Exception</b></td>
<td width="10%"><b>Time (seconds)</b></td>
<td><b>Instance</b></td>
</tr>
<tr>
<td title='com.lrn.cat.tc.KCConfigTC.CATKCConifgTC()'><b>CATKCConifgTC</b><br>Test class: com.lrn.cat.tc.KCConfigTC</td>
<td><div><pre>org.openqa.selenium.NoSuchElementException: no such element: Unable to locate element: {&quot;method&quot;:&quot;xpath&quot;,&quot;selector&quot;:&quot;//*[@id=&apos;messageDialog&apos;]/tr/td[2]&quot;}
  (Session info: chrome=60.0.3112.78)
  (Driver info: chromedriver=2.31.488763 (092de99f48a300323ecf8c2a4e2e7cab51de5ba8),platform=Windows NT 6.1.7601 SP1 x86_64) (WARNING: The server did not provide any stacktrace information)
Command duration or timeout: 37 milliseconds
For documentation on this error, please visit: http://seleniumhq.org/exceptions/no_such_element.html
Build info: version: &apos;2.48.1&apos;, revision: &apos;d80083d8f7b0b0319976ef9712f7a2b531abaceb&apos;, time: &apos;2015-10-08 14:16:53&apos;
System info: host: &apos;WW7L4117&apos;, ip: &apos;10.1.91.68&apos;, os.name: &apos;Windows 7&apos;, os.arch: &apos;amd64&apos;, os.version: &apos;6.1&apos;, java.version: &apos;1.8.0_40&apos;
Driver info: org.openqa.selenium.chrome.ChromeDriver
Capabilities [{applicationCacheEnabled=false, rotatable=false, mobileEmulationEnabled=false, networkConnectionEnabled=false, chrome={chromedriverVersion=2.31.488763 (092de99f48a300323ecf8c2a4e2e7cab51de5ba8), userDataDir=C:\Users\DSHOKO~1\AppData\Local\Temp\scoped_dir27144_13623}, takesHeapSnapshot=true, pageLoadStrategy=normal, databaseEnabled=false, handlesAlerts=true, hasTouchScreen=false, version=60.0.3112.78, platform=XP, browserConnectionEnabled=false, nativeEvents=true, acceptSslCerts=true, locationContextEnabled=true, webStorageEnabled=true, browserName=chrome, takesScreenshot=true, javascriptEnabled=true, cssSelectorsEnabled=true, setWindowRect=true, unexpectedAlertBehaviour=}]
Session ID: 29cf26cc6548f670628c42b758213ffa
*** Element info: {Using=xpath, value=//*[@id=&apos;messageDialog&apos;]/tr/td[2]}
	at org.openqa.selenium.remote.ErrorHandler.createThrowable(ErrorHandler.java:206)
	at org.openqa.selenium.remote.ErrorHandler.throwIfResponseFailed(ErrorHandler.java:158)
	at org.openqa.selenium.remote.RemoteWebDriver.execute(RemoteWebDriver.java:647)
	at org.openqa.selenium.remote.RemoteWebDriver.findElement(RemoteWebDriver.java:353)
	at org.openqa.selenium.remote.RemoteWebDriver.findElementByXPath(RemoteWebDriver.java:490)
	at org.openqa.selenium.By$ByXPath.findElement(By.java:361)
	at org.openqa.selenium.remote.RemoteWebDriver.findElement(RemoteWebDriver.java:345)
	at com.lrn.cat.page.KCConifg.knowledgecheckTab(KCConifg.java:229)
	at com.lrn.cat.tc.KCConfigTC.CATKCConifgTC(KCConfigTC.java:16)
... Removed 27 stack frames</pre></div><a href='#' onClick='toggleBox("stack-trace1086276486", this, "Click to show all stack frames", "Click to hide stack frames")'>Click to show all stack frames</a>
<div class='stack-trace' id='stack-trace1086276486'><pre>org.openqa.selenium.NoSuchElementException: no such element: Unable to locate element: {&quot;method&quot;:&quot;xpath&quot;,&quot;selector&quot;:&quot;//*[@id=&apos;messageDialog&apos;]/tr/td[2]&quot;}
  (Session info: chrome=60.0.3112.78)
  (Driver info: chromedriver=2.31.488763 (092de99f48a300323ecf8c2a4e2e7cab51de5ba8),platform=Windows NT 6.1.7601 SP1 x86_64) (WARNING: The server did not provide any stacktrace information)
Command duration or timeout: 37 milliseconds
For documentation on this error, please visit: http://seleniumhq.org/exceptions/no_such_element.html
Build info: version: &apos;2.48.1&apos;, revision: &apos;d80083d8f7b0b0319976ef9712f7a2b531abaceb&apos;, time: &apos;2015-10-08 14:16:53&apos;
System info: host: &apos;WW7L4117&apos;, ip: &apos;10.1.91.68&apos;, os.name: &apos;Windows 7&apos;, os.arch: &apos;amd64&apos;, os.version: &apos;6.1&apos;, java.version: &apos;1.8.0_40&apos;
Driver info: org.openqa.selenium.chrome.ChromeDriver
Capabilities [{applicationCacheEnabled=false, rotatable=false, mobileEmulationEnabled=false, networkConnectionEnabled=false, chrome={chromedriverVersion=2.31.488763 (092de99f48a300323ecf8c2a4e2e7cab51de5ba8), userDataDir=C:\Users\DSHOKO~1\AppData\Local\Temp\scoped_dir27144_13623}, takesHeapSnapshot=true, pageLoadStrategy=normal, databaseEnabled=false, handlesAlerts=true, hasTouchScreen=false, version=60.0.3112.78, platform=XP, browserConnectionEnabled=false, nativeEvents=true, acceptSslCerts=true, locationContextEnabled=true, webStorageEnabled=true, browserName=chrome, takesScreenshot=true, javascriptEnabled=true, cssSelectorsEnabled=true, setWindowRect=true, unexpectedAlertBehaviour=}]
Session ID: 29cf26cc6548f670628c42b758213ffa
*** Element info: {Using=xpath, value=//*[@id=&apos;messageDialog&apos;]/tr/td[2]}
	at sun.reflect.GeneratedConstructorAccessor10.newInstance(Unknown Source)
	at sun.reflect.DelegatingConstructorAccessorImpl.newInstance(Unknown Source)
	at java.lang.reflect.Constructor.newInstance(Unknown Source)
	at org.openqa.selenium.remote.ErrorHandler.createThrowable(ErrorHandler.java:206)
	at org.openqa.selenium.remote.ErrorHandler.throwIfResponseFailed(ErrorHandler.java:158)
	at org.openqa.selenium.remote.RemoteWebDriver.execute(RemoteWebDriver.java:647)
	at org.openqa.selenium.remote.RemoteWebDriver.findElement(RemoteWebDriver.java:353)
	at org.openqa.selenium.remote.RemoteWebDriver.findElementByXPath(RemoteWebDriver.java:490)
	at org.openqa.selenium.By$ByXPath.findElement(By.java:361)
	at org.openqa.selenium.remote.RemoteWebDriver.findElement(RemoteWebDriver.java:345)
	at com.lrn.cat.page.KCConifg.knowledgecheckTab(KCConifg.java:229)
	at com.lrn.cat.tc.KCConfigTC.CATKCConifgTC(KCConfigTC.java:16)
	at sun.reflect.NativeMethodAccessorImpl.invoke0(Native Method)
	at sun.reflect.NativeMethodAccessorImpl.invoke(Unknown Source)
	at sun.reflect.DelegatingMethodAccessorImpl.invoke(Unknown Source)
	at java.lang.reflect.Method.invoke(Unknown Source)
	at org.testng.internal.MethodInvocationHelper.invokeMethod(MethodInvocationHelper.java:84)
	at org.testng.internal.Invoker.invokeMethod(Invoker.java:714)
	at org.testng.internal.Invoker.invokeTestMethod(Invoker.java:901)
	at org.testng.internal.Invoker.invokeTestMethods(Invoker.java:1231)
	at org.testng.internal.TestMethodWorker.invokeTestMethods(TestMethodWorker.java:127)
	at org.testng.internal.TestMethodWorker.run(TestMethodWorker.java:111)
	at org.testng.TestRunner.privateRun(TestRunner.java:767)
	at org.testng.TestRunner.run(TestRunner.java:617)
	at org.testng.SuiteRunner.runTest(SuiteRunner.java:334)
	at org.testng.SuiteRunner.runSequentially(SuiteRunner.java:329)
	at org.testng.SuiteRunner.privateRun(SuiteRunner.java:291)
	at org.testng.SuiteRunner.run(SuiteRunner.java:240)
	at org.testng.SuiteRunnerWorker.runSuite(SuiteRunnerWorker.java:52)
	at org.testng.SuiteRunnerWorker.run(SuiteRunnerWorker.java:86)
	at org.testng.TestNG.runSuitesSequentially(TestNG.java:1224)
	at org.testng.TestNG.runSuitesLocally(TestNG.java:1149)
	at org.testng.TestNG.run(TestNG.java:1057)
	at org.testng.remote.RemoteTestNG.run(RemoteTestNG.java:111)
	at org.testng.remote.RemoteTestNG.initAndRun(RemoteTestNG.java:204)
	at org.testng.remote.RemoteTestNG.main(RemoteTestNG.java:175)
</pre></div></td>
<td>32</td>
<td>com.lrn.cat.tc.KCConfigTC@641147d0</td></tr>
<tr>
<td title='com.lrn.cat.tc.KnowledgeCheckTC.CATKnowledgeCheckTC()'><b>CATKnowledgeCheckTC</b><br>Test class: com.lrn.cat.tc.KnowledgeCheckTC</td>
<td><div><pre>java.lang.NullPointerException
	at com.lrn.cat.page.KnowledgeCheck.knowledgecheck(KnowledgeCheck.java:184)
	at com.lrn.cat.tc.KnowledgeCheckTC.CATKnowledgeCheckTC(KnowledgeCheckTC.java:13)
... Removed 24 stack frames</pre></div><a href='#' onClick='toggleBox("stack-trace1167066016", this, "Click to show all stack frames", "Click to hide stack frames")'>Click to show all stack frames</a>
<div class='stack-trace' id='stack-trace1167066016'><pre>java.lang.NullPointerException
	at com.lrn.cat.page.KnowledgeCheck.knowledgecheck(KnowledgeCheck.java:184)
	at com.lrn.cat.tc.KnowledgeCheckTC.CATKnowledgeCheckTC(KnowledgeCheckTC.java:13)
	at sun.reflect.NativeMethodAccessorImpl.invoke0(Native Method)
	at sun.reflect.NativeMethodAccessorImpl.invoke(Unknown Source)
	at sun.reflect.DelegatingMethodAccessorImpl.invoke(Unknown Source)
	at java.lang.reflect.Method.invoke(Unknown Source)
	at org.testng.internal.MethodInvocationHelper.invokeMethod(MethodInvocationHelper.java:84)
	at org.testng.internal.Invoker.invokeMethod(Invoker.java:714)
	at org.testng.internal.Invoker.invokeTestMethod(Invoker.java:901)
	at org.testng.internal.Invoker.invokeTestMethods(Invoker.java:1231)
	at org.testng.internal.TestMethodWorker.invokeTestMethods(TestMethodWorker.java:127)
	at org.testng.internal.TestMethodWorker.run(TestMethodWorker.java:111)
	at org.testng.TestRunner.privateRun(TestRunner.java:767)
	at org.testng.TestRunner.run(TestRunner.java:617)
	at org.testng.SuiteRunner.runTest(SuiteRunner.java:334)
	at org.testng.SuiteRunner.runSequentially(SuiteRunner.java:329)
	at org.testng.SuiteRunner.privateRun(SuiteRunner.java:291)
	at org.testng.SuiteRunner.run(SuiteRunner.java:240)
	at org.testng.SuiteRunnerWorker.runSuite(SuiteRunnerWorker.java:52)
	at org.testng.SuiteRunnerWorker.run(SuiteRunnerWorker.java:86)
	at org.testng.TestNG.runSuitesSequentially(TestNG.java:1224)
	at org.testng.TestNG.runSuitesLocally(TestNG.java:1149)
	at org.testng.TestNG.run(TestNG.java:1057)
	at org.testng.remote.RemoteTestNG.run(RemoteTestNG.java:111)
	at org.testng.remote.RemoteTestNG.initAndRun(RemoteTestNG.java:204)
	at org.testng.remote.RemoteTestNG.main(RemoteTestNG.java:175)
</pre></div></td>
<td>117</td>
<td>com.lrn.cat.tc.KnowledgeCheckTC@6c3f5566</td></tr>
<tr>
<td title='com.lrn.cat.tc.PasteNodeTC.CatPasteNode()'><b>CatPasteNode</b><br>Test class: com.lrn.cat.tc.PasteNodeTC</td>
<td><div><pre>java.lang.NullPointerException
	at com.lrn.cat.page.PasteNode.pasteNode(PasteNode.java:56)
	at com.lrn.cat.tc.PasteNodeTC.CatPasteNode(PasteNodeTC.java:13)
... Removed 24 stack frames</pre></div><a href='#' onClick='toggleBox("stack-trace825605925", this, "Click to show all stack frames", "Click to hide stack frames")'>Click to show all stack frames</a>
<div class='stack-trace' id='stack-trace825605925'><pre>java.lang.NullPointerException
	at com.lrn.cat.page.PasteNode.pasteNode(PasteNode.java:56)
	at com.lrn.cat.tc.PasteNodeTC.CatPasteNode(PasteNodeTC.java:13)
	at sun.reflect.NativeMethodAccessorImpl.invoke0(Native Method)
	at sun.reflect.NativeMethodAccessorImpl.invoke(Unknown Source)
	at sun.reflect.DelegatingMethodAccessorImpl.invoke(Unknown Source)
	at java.lang.reflect.Method.invoke(Unknown Source)
	at org.testng.internal.MethodInvocationHelper.invokeMethod(MethodInvocationHelper.java:84)
	at org.testng.internal.Invoker.invokeMethod(Invoker.java:714)
	at org.testng.internal.Invoker.invokeTestMethod(Invoker.java:901)
	at org.testng.internal.Invoker.invokeTestMethods(Invoker.java:1231)
	at org.testng.internal.TestMethodWorker.invokeTestMethods(TestMethodWorker.java:127)
	at org.testng.internal.TestMethodWorker.run(TestMethodWorker.java:111)
	at org.testng.TestRunner.privateRun(TestRunner.java:767)
	at org.testng.TestRunner.run(TestRunner.java:617)
	at org.testng.SuiteRunner.runTest(SuiteRunner.java:334)
	at org.testng.SuiteRunner.runSequentially(SuiteRunner.java:329)
	at org.testng.SuiteRunner.privateRun(SuiteRunner.java:291)
	at org.testng.SuiteRunner.run(SuiteRunner.java:240)
	at org.testng.SuiteRunnerWorker.runSuite(SuiteRunnerWorker.java:52)
	at org.testng.SuiteRunnerWorker.run(SuiteRunnerWorker.java:86)
	at org.testng.TestNG.runSuitesSequentially(TestNG.java:1224)
	at org.testng.TestNG.runSuitesLocally(TestNG.java:1149)
	at org.testng.TestNG.run(TestNG.java:1057)
	at org.testng.remote.RemoteTestNG.run(RemoteTestNG.java:111)
	at org.testng.remote.RemoteTestNG.initAndRun(RemoteTestNG.java:204)
	at org.testng.remote.RemoteTestNG.main(RemoteTestNG.java:175)
</pre></div></td>
<td>72</td>
<td>com.lrn.cat.tc.PasteNodeTC@11e21d0e</td></tr>
<tr>
<td title='com.lrn.cat.tc.PublishCourseTC.CatPublishCourse()'><b>CatPublishCourse</b><br>Test class: com.lrn.cat.tc.PublishCourseTC</td>
<td><div><pre>java.lang.NullPointerException
	at com.lrn.cat.page.PublishCourse.publishCourse(PublishCourse.java:32)
	at com.lrn.cat.tc.PublishCourseTC.CatPublishCourse(PublishCourseTC.java:12)
... Removed 24 stack frames</pre></div><a href='#' onClick='toggleBox("stack-trace1820545559", this, "Click to show all stack frames", "Click to hide stack frames")'>Click to show all stack frames</a>
<div class='stack-trace' id='stack-trace1820545559'><pre>java.lang.NullPointerException
	at com.lrn.cat.page.PublishCourse.publishCourse(PublishCourse.java:32)
	at com.lrn.cat.tc.PublishCourseTC.CatPublishCourse(PublishCourseTC.java:12)
	at sun.reflect.NativeMethodAccessorImpl.invoke0(Native Method)
	at sun.reflect.NativeMethodAccessorImpl.invoke(Unknown Source)
	at sun.reflect.DelegatingMethodAccessorImpl.invoke(Unknown Source)
	at java.lang.reflect.Method.invoke(Unknown Source)
	at org.testng.internal.MethodInvocationHelper.invokeMethod(MethodInvocationHelper.java:84)
	at org.testng.internal.Invoker.invokeMethod(Invoker.java:714)
	at org.testng.internal.Invoker.invokeTestMethod(Invoker.java:901)
	at org.testng.internal.Invoker.invokeTestMethods(Invoker.java:1231)
	at org.testng.internal.TestMethodWorker.invokeTestMethods(TestMethodWorker.java:127)
	at org.testng.internal.TestMethodWorker.run(TestMethodWorker.java:111)
	at org.testng.TestRunner.privateRun(TestRunner.java:767)
	at org.testng.TestRunner.run(TestRunner.java:617)
	at org.testng.SuiteRunner.runTest(SuiteRunner.java:334)
	at org.testng.SuiteRunner.runSequentially(SuiteRunner.java:329)
	at org.testng.SuiteRunner.privateRun(SuiteRunner.java:291)
	at org.testng.SuiteRunner.run(SuiteRunner.java:240)
	at org.testng.SuiteRunnerWorker.runSuite(SuiteRunnerWorker.java:52)
	at org.testng.SuiteRunnerWorker.run(SuiteRunnerWorker.java:86)
	at org.testng.TestNG.runSuitesSequentially(TestNG.java:1224)
	at org.testng.TestNG.runSuitesLocally(TestNG.java:1149)
	at org.testng.TestNG.run(TestNG.java:1057)
	at org.testng.remote.RemoteTestNG.run(RemoteTestNG.java:111)
	at org.testng.remote.RemoteTestNG.initAndRun(RemoteTestNG.java:204)
	at org.testng.remote.RemoteTestNG.main(RemoteTestNG.java:175)
</pre></div></td>
<td>67</td>
<td>com.lrn.cat.tc.PublishCourseTC@37574691</td></tr>
</table><p>
<table width='100%' border='1' class='invocation-passed'>
<tr><td colspan='4' align='center'><b>PASSED TESTS</b></td></tr>
<tr><td><b>Test method</b></td>
<td width="30%"><b>Exception</b></td>
<td width="10%"><b>Time (seconds)</b></td>
<td><b>Instance</b></td>
</tr>
<tr>
<td title='com.lrn.cat.tc.AddLessonTC.CatAddLesson()'><b>CatAddLesson</b><br>Test class: com.lrn.cat.tc.AddLessonTC</td>
<td></td>
<td>13</td>
<td>com.lrn.cat.tc.AddLessonTC@16267862</td></tr>
<tr>
<td title='com.lrn.cat.tc.AddLessonTC1.CatAddLesson()'><b>CatAddLesson</b><br>Test class: com.lrn.cat.tc.AddLessonTC1</td>
<td></td>
<td>13</td>
<td>com.lrn.cat.tc.AddLessonTC1@b59d31</td></tr>
<tr>
<td title='com.lrn.cat.tc.AddLessonTC2.CatAddLesson()'><b>CatAddLesson</b><br>Test class: com.lrn.cat.tc.AddLessonTC2</td>
<td></td>
<td>13</td>
<td>com.lrn.cat.tc.AddLessonTC2@1dd02175</td></tr>
<tr>
<td title='com.lrn.cat.tc.AddPageTC.CatAddPage()'><b>CatAddPage</b><br>Test class: com.lrn.cat.tc.AddPageTC</td>
<td></td>
<td>14</td>
<td>com.lrn.cat.tc.AddPageTC@70beb599</td></tr>
<tr>
<td title='com.lrn.cat.tc.AddPageTC1.CatAddPage()'><b>CatAddPage</b><br>Test class: com.lrn.cat.tc.AddPageTC1</td>
<td></td>
<td>14</td>
<td>com.lrn.cat.tc.AddPageTC1@146044d7</td></tr>
<tr>
<td title='com.lrn.cat.tc.AddPageTC2.CatAddPage()'><b>CatAddPage</b><br>Test class: com.lrn.cat.tc.AddPageTC2</td>
<td></td>
<td>14</td>
<td>com.lrn.cat.tc.AddPageTC2@71248c21</td></tr>
<tr>
<td title='com.lrn.cat.tc.AddPageTC3.CatAddPage()'><b>CatAddPage</b><br>Test class: com.lrn.cat.tc.AddPageTC3</td>
<td></td>
<td>14</td>
<td>com.lrn.cat.tc.AddPageTC3@365c30cc</td></tr>
<tr>
<td title='com.lrn.cat.tc.AddPageTC4.CatAddPage()'><b>CatAddPage</b><br>Test class: com.lrn.cat.tc.AddPageTC4</td>
<td></td>
<td>14</td>
<td>com.lrn.cat.tc.AddPageTC4@646be2c3</td></tr>
<tr>
<td title='com.lrn.cat.tc.AddPageTC5.CatAddPage()'><b>CatAddPage</b><br>Test class: com.lrn.cat.tc.AddPageTC5</td>
<td></td>
<td>14</td>
<td>com.lrn.cat.tc.AddPageTC5@1445d7f</td></tr>
<tr>
<td title='com.lrn.cat.tc.AddPageTC6.CatAddPage()'><b>CatAddPage</b><br>Test class: com.lrn.cat.tc.AddPageTC6</td>
<td></td>
<td>14</td>
<td>com.lrn.cat.tc.AddPageTC6@49070868</td></tr>
<tr>
<td title='com.lrn.cat.tc.AddPageTC7.CatAddPage()'><b>CatAddPage</b><br>Test class: com.lrn.cat.tc.AddPageTC7</td>
<td></td>
<td>14</td>
<td>com.lrn.cat.tc.AddPageTC7@62fdb4a6</td></tr>
<tr>
<td title='com.lrn.cat.tc.AddPageTC8.CatAddPage()'><b>CatAddPage</b><br>Test class: com.lrn.cat.tc.AddPageTC8</td>
<td></td>
<td>15</td>
<td>com.lrn.cat.tc.AddPageTC8@28c4711c</td></tr>
<tr>
<td title='com.lrn.cat.tc.AddPageTC9.CatAddPage()'><b>CatAddPage</b><br>Test class: com.lrn.cat.tc.AddPageTC9</td>
<td></td>
<td>14</td>
<td>com.lrn.cat.tc.AddPageTC9@2d127a61</td></tr>
<tr>
<td title='com.lrn.cat.tc.AddPageTC10.CatAddPage()'><b>CatAddPage</b><br>Test class: com.lrn.cat.tc.AddPageTC10</td>
<td></td>
<td>15</td>
<td>com.lrn.cat.tc.AddPageTC10@6385cb26</td></tr>
<tr>
<td title='com.lrn.cat.tc.AddPageTC11.CatAddPage()'><b>CatAddPage</b><br>Test class: com.lrn.cat.tc.AddPageTC11</td>
<td></td>
<td>14</td>
<td>com.lrn.cat.tc.AddPageTC11@1372ed45</td></tr>
<tr>
<td title='com.lrn.cat.tc.AddPageTC12.CatAddPage()'><b>CatAddPage</b><br>Test class: com.lrn.cat.tc.AddPageTC12</td>
<td></td>
<td>14</td>
<td>com.lrn.cat.tc.AddPageTC12@31206beb</td></tr>
<tr>
<td title='com.lrn.cat.tc.AddPageTC13.CatAddPage()'><b>CatAddPage</b><br>Test class: com.lrn.cat.tc.AddPageTC13</td>
<td></td>
<td>15</td>
<td>com.lrn.cat.tc.AddPageTC13@797badd3</td></tr>
<tr>
<td title='com.lrn.cat.tc.AddTopicTC.CatAddTopic()'><b>CatAddTopic</b><br>Test class: com.lrn.cat.tc.AddTopicTC</td>
<td></td>
<td>7</td>
<td>com.lrn.cat.tc.AddTopicTC@5e25a92e</td></tr>
<tr>
<td title='com.lrn.cat.tc.AddTopicTC1.CatAddTopic()'><b>CatAddTopic</b><br>Test class: com.lrn.cat.tc.AddTopicTC1</td>
<td></td>
<td>7</td>
<td>com.lrn.cat.tc.AddTopicTC1@7fad8c79</td></tr>
<tr>
<td title='com.lrn.cat.tc.AddTopicTC2.CatAddTopic()'><b>CatAddTopic</b><br>Test class: com.lrn.cat.tc.AddTopicTC2</td>
<td></td>
<td>7</td>
<td>com.lrn.cat.tc.AddTopicTC2@71a794e5</td></tr>
<tr>
<td title='com.lrn.cat.tc.AdvancedTabTC.CatAdvancedTab()'><b>CatAdvancedTab</b><br>Test class: com.lrn.cat.tc.AdvancedTabTC</td>
<td></td>
<td>35</td>
<td>com.lrn.cat.tc.AdvancedTabTC@4df828d7</td></tr>
<tr>
<td title='com.lrn.cat.tc.CloneCourseTC.CatCloneCourse()'><b>CatCloneCourse</b><br>Test class: com.lrn.cat.tc.CloneCourseTC</td>
<td></td>
<td>47</td>
<td>com.lrn.cat.tc.CloneCourseTC@27c6e487</td></tr>
<tr>
<td title='com.lrn.cat.tc.CopyNodeTC.CatCopyNode()'><b>CatCopyNode</b><br>Test class: com.lrn.cat.tc.CopyNodeTC</td>
<td></td>
<td>31</td>
<td>com.lrn.cat.tc.CopyNodeTC@15d9bc04</td></tr>
<tr>
<td title='com.lrn.cat.tc.CreateBranchingLessonTC.CatCreateBranchingLesson()'><b>CatCreateBranchingLesson</b><br>Test class: com.lrn.cat.tc.CreateBranchingLessonTC</td>
<td></td>
<td>117</td>
<td>com.lrn.cat.tc.CreateBranchingLessonTC@3444d69d</td></tr>
<tr>
<td title='com.lrn.cat.tc.CreateCourseTC.CatCreateCourseTC()'><b>CatCreateCourseTC</b><br>Test class: com.lrn.cat.tc.CreateCourseTC</td>
<td></td>
<td>28</td>
<td>com.lrn.cat.tc.CreateCourseTC@3d3fcdb0</td></tr>
<tr>
<td title='com.lrn.cat.tc.CreateTestOutLessonTC.CatCreateTestOutLesson()'><b>CatCreateTestOutLesson</b><br>Test class: com.lrn.cat.tc.CreateTestOutLessonTC</td>
<td></td>
<td>303</td>
<td>com.lrn.cat.tc.CreateTestOutLessonTC@442675e1</td></tr>
<tr>
<td title='com.lrn.cat.tc.CustomizerRoleTC.CatCustomizerRole()'><b>CatCustomizerRole</b><br>Test class: com.lrn.cat.tc.CustomizerRoleTC</td>
<td></td>
<td>150</td>
<td>com.lrn.cat.tc.CustomizerRoleTC@4148db48</td></tr>
<tr>
<td title='com.lrn.cat.tc.DeleteCourseTC.CatDeleteCourse()'><b>CatDeleteCourse</b><br>Test class: com.lrn.cat.tc.DeleteCourseTC</td>
<td></td>
<td>14</td>
<td>com.lrn.cat.tc.DeleteCourseTC@453da22c</td></tr>
<tr>
<td title='com.lrn.cat.tc.DeletePageTC.CatDeletePage()'><b>CatDeletePage</b><br>Test class: com.lrn.cat.tc.DeletePageTC</td>
<td></td>
<td>27</td>
<td>com.lrn.cat.tc.DeletePageTC@12405818</td></tr>
<tr>
<td title='com.lrn.cat.tc.EditBinaryTemplateTC.CatEditBinaryTemplate()'><b>CatEditBinaryTemplate</b><br>Test class: com.lrn.cat.tc.EditBinaryTemplateTC</td>
<td></td>
<td>109</td>
<td>com.lrn.cat.tc.EditBinaryTemplateTC@3ffcd140</td></tr>
<tr>
<td title='com.lrn.cat.tc.EditCarouselTemplateTC.CatEditCarouselTemplate()'><b>CatEditCarouselTemplate</b><br>Test class: com.lrn.cat.tc.EditCarouselTemplateTC</td>
<td></td>
<td>137</td>
<td>com.lrn.cat.tc.EditCarouselTemplateTC@10b48321</td></tr>
<tr>
<td title='com.lrn.cat.tc.EditCertificationTC.CatEditCertificationTC()'><b>CatEditCertificationTC</b><br>Test class: com.lrn.cat.tc.EditCertificationTC</td>
<td></td>
<td>157</td>
<td>com.lrn.cat.tc.EditCertificationTC@1e9e725a</td></tr>
<tr>
<td title='com.lrn.cat.tc.EditConcernTemplateTC.CatEditConcerntTemplateTC()'><b>CatEditConcerntTemplateTC</b><br>Test class: com.lrn.cat.tc.EditConcernTemplateTC</td>
<td></td>
<td>267</td>
<td>com.lrn.cat.tc.EditConcernTemplateTC@21a947fe</td></tr>
<tr>
<td title='com.lrn.cat.tc.EditConsentTemplateTC.CatEditConsentTemplate()'><b>CatEditConsentTemplate</b><br>Test class: com.lrn.cat.tc.EditConsentTemplateTC</td>
<td></td>
<td>89</td>
<td>com.lrn.cat.tc.EditConsentTemplateTC@33cb5951</td></tr>
<tr>
<td title='com.lrn.cat.tc.EditConsultTemplateTC.CatEditConsult()'><b>CatEditConsult</b><br>Test class: com.lrn.cat.tc.EditConsultTemplateTC</td>
<td></td>
<td>178</td>
<td>com.lrn.cat.tc.EditConsultTemplateTC@76329302</td></tr>
<tr>
<td title='com.lrn.cat.tc.CourseFeaturesTC.CatEditCourseFeatures()'><b>CatEditCourseFeatures</b><br>Test class: com.lrn.cat.tc.CourseFeaturesTC</td>
<td></td>
<td>171</td>
<td>com.lrn.cat.tc.CourseFeaturesTC@6b0c2d26</td></tr>
<tr>
<td title='com.lrn.cat.tc.EditDragAndDropTemplateTC.CatEditDragAndDropTemplate()'><b>CatEditDragAndDropTemplate</b><br>Test class: com.lrn.cat.tc.EditDragAndDropTemplateTC</td>
<td></td>
<td>171</td>
<td>com.lrn.cat.tc.EditDragAndDropTemplateTC@11c20519</td></tr>
<tr>
<td title='com.lrn.cat.tc.EditGetStartedTC.CatEditGetStarted()'><b>CatEditGetStarted</b><br>Test class: com.lrn.cat.tc.EditGetStartedTC</td>
<td></td>
<td>20</td>
<td>com.lrn.cat.tc.EditGetStartedTC@80ec1f8</td></tr>
<tr>
<td title='com.lrn.cat.tc.EditMultipleScenarioTemplateTC.CatEditMultipleScenarioTemplateTC()'><b>CatEditMultipleScenarioTemplateTC</b><br>Test class: com.lrn.cat.tc.EditMultipleScenarioTemplateTC</td>
<td></td>
<td>420</td>
<td>com.lrn.cat.tc.EditMultipleScenarioTemplateTC@6b67034</td></tr>
<tr>
<td title='com.lrn.cat.tc.EditSAQTC.CatEditSAQ()'><b>CatEditSAQ</b><br>Test class: com.lrn.cat.tc.EditSAQTC</td>
<td></td>
<td>167</td>
<td>com.lrn.cat.tc.EditSAQTC@1c72da34</td></tr>
<tr>
<td title='com.lrn.cat.tc.EditSelectAndRevealTemplateTC.CatEditSelectAndRevealTemplate()'><b>CatEditSelectAndRevealTemplate</b><br>Test class: com.lrn.cat.tc.EditSelectAndRevealTemplateTC</td>
<td></td>
<td>266</td>
<td>com.lrn.cat.tc.EditSelectAndRevealTemplateTC@38364841</td></tr>
<tr>
<td title='com.lrn.cat.tc.EditTextTemplateTC.CatEditTextTemplate()'><b>CatEditTextTemplate</b><br>Test class: com.lrn.cat.tc.EditTextTemplateTC</td>
<td></td>
<td>172</td>
<td>com.lrn.cat.tc.EditTextTemplateTC@32a068d1</td></tr>
<tr>
<td title='com.lrn.cat.tc.EditVideoTemplateTC.CatEditVideoTemplate()'><b>CatEditVideoTemplate</b><br>Test class: com.lrn.cat.tc.EditVideoTemplateTC</td>
<td></td>
<td>259</td>
<td>com.lrn.cat.tc.EditVideoTemplateTC@25359ed8</td></tr>
<tr>
<td title='com.lrn.cat.tc.ExportToWordTC.CatExportToWord()'><b>CatExportToWord</b><br>Test class: com.lrn.cat.tc.ExportToWordTC</td>
<td></td>
<td>20</td>
<td>com.lrn.cat.tc.ExportToWordTC@516be40f</td></tr>
<tr>
<td title='com.lrn.cat.tc.HidePageTC.CatHidePage()'><b>CatHidePage</b><br>Test class: com.lrn.cat.tc.HidePageTC</td>
<td></td>
<td>33</td>
<td>com.lrn.cat.tc.HidePageTC@2bbaf4f0</td></tr>
<tr>
<td title='com.lrn.cat.tc.LCECLogoutTC.CatLCECLogout()'><b>CatLCECLogout</b><br>Test class: com.lrn.cat.tc.LCECLogoutTC</td>
<td></td>
<td>6</td>
<td>com.lrn.cat.tc.LCECLogoutTC@314c508a</td></tr>
<tr>
<td title='com.lrn.cat.tc.LandingPageTC.CatLandingPage()'><b>CatLandingPage</b><br>Test class: com.lrn.cat.tc.LandingPageTC</td>
<td></td>
<td>53</td>
<td>com.lrn.cat.tc.LandingPageTC@6e38921c</td></tr>
<tr>
<td title='com.lrn.cat.tc.LockPageTC.CatLockPage()'><b>CatLockPage</b><br>Test class: com.lrn.cat.tc.LockPageTC</td>
<td></td>
<td>34</td>
<td>com.lrn.cat.tc.LockPageTC@701fc37a</td></tr>
<tr>
<td title='com.lrn.cat.tc.UnlockPageTC.CatLockPage()'><b>CatLockPage</b><br>Test class: com.lrn.cat.tc.UnlockPageTC</td>
<td></td>
<td>1</td>
<td>com.lrn.cat.tc.UnlockPageTC@1ee807c6</td></tr>
<tr>
<td title='com.lrn.cat.tc.LoginTC.CatLogicTC()'><b>CatLogicTC</b><br>Test class: com.lrn.cat.tc.LoginTC</td>
<td></td>
<td>13</td>
<td>com.lrn.cat.tc.LoginTC@59717824</td></tr>
<tr>
<td title='com.lrn.cat.tc.SearchCourseTC.CatLogicTC()'><b>CatLogicTC</b><br>Test class: com.lrn.cat.tc.SearchCourseTC</td>
<td></td>
<td>5</td>
<td>com.lrn.cat.tc.SearchCourseTC@4e41089d</td></tr>
<tr>
<td title='com.lrn.cat.tc.PreviewCourseTC.CatPreviewCourse()'><b>CatPreviewCourse</b><br>Test class: com.lrn.cat.tc.PreviewCourseTC</td>
<td></td>
<td>469</td>
<td>com.lrn.cat.tc.PreviewCourseTC@64d7f7e0</td></tr>
<tr>
<td title='com.lrn.cat.tc.PushToCDVTC.CatPushToCDV()'><b>CatPushToCDV</b><br>Test class: com.lrn.cat.tc.PushToCDVTC</td>
<td></td>
<td>49</td>
<td>com.lrn.cat.tc.PushToCDVTC@6a79c292</td></tr>
<tr>
<td title='com.lrn.cat.tc.ReorderNodesTC.CatReorderNodes()'><b>CatReorderNodes</b><br>Test class: com.lrn.cat.tc.ReorderNodesTC</td>
<td></td>
<td>79</td>
<td>com.lrn.cat.tc.ReorderNodesTC@3c0a50da</td></tr>
<tr>
<td title='com.lrn.cat.tc.ResetTestTC.CatResetTest()'><b>CatResetTest</b><br>Test class: com.lrn.cat.tc.ResetTestTC</td>
<td></td>
<td>17</td>
<td>com.lrn.cat.tc.ResetTestTC@23bb8443</td></tr>
<tr>
<td title='com.lrn.cat.tc.RevertCourseTC.CatRevertCourse()'><b>CatRevertCourse</b><br>Test class: com.lrn.cat.tc.RevertCourseTC</td>
<td></td>
<td>14</td>
<td>com.lrn.cat.tc.RevertCourseTC@6a396c1e</td></tr>
<tr>
<td title='com.lrn.cat.tc.TileMenuTC.CatTileMenu()'><b>CatTileMenu</b><br>Test class: com.lrn.cat.tc.TileMenuTC</td>
<td></td>
<td>186</td>
<td>com.lrn.cat.tc.TileMenuTC@6166e06f</td></tr>
<tr>
<td title='com.lrn.cat.tc.UnhidePageTC.CatUnhidePage()'><b>CatUnhidePage</b><br>Test class: com.lrn.cat.tc.UnhidePageTC</td>
<td></td>
<td>21</td>
<td>com.lrn.cat.tc.UnhidePageTC@120d6fe6</td></tr>
<tr>
<td title='com.lrn.cat.tc.SelectableHotspotTC.SelectableHotspotPageTC()'><b>SelectableHotspotPageTC</b><br>Test class: com.lrn.cat.tc.SelectableHotspotTC</td>
<td></td>
<td>516</td>
<td>com.lrn.cat.tc.SelectableHotspotTC@473b46c3</td></tr>
<tr>
<td title='com.lrn.cat.tc.SelectableImageTC.SelectableImagePageTC()'><b>SelectableImagePageTC</b><br>Test class: com.lrn.cat.tc.SelectableImageTC</td>
<td></td>
<td>214</td>
<td>com.lrn.cat.tc.SelectableImageTC@4ba2ca36</td></tr>
<tr>
<td title='com.lrn.cat.tc.SidebarTemplateTC.SidebarPageTC()'><b>SidebarPageTC</b><br>Test class: com.lrn.cat.tc.SidebarTemplateTC</td>
<td></td>
<td>94</td>
<td>com.lrn.cat.tc.SidebarTemplateTC@49e202ad</td></tr>
<tr>
<td title='com.lrn.cat.tc.AfterSaveAndExitTC.aferSaveAndExit()'><b>aferSaveAndExit</b><br>Test class: com.lrn.cat.tc.AfterSaveAndExitTC</td>
<td></td>
<td>29</td>
<td>com.lrn.cat.tc.AfterSaveAndExitTC@1176dcec</td></tr>
<tr>
<td title='com.lrn.cat.tc.LCECLoginTC.login()'><b>login</b><br>Test class: com.lrn.cat.tc.LCECLoginTC</td>
<td></td>
<td>5</td>
<td>com.lrn.cat.tc.LCECLoginTC@5606c0b</td></tr>
<tr>
<td title='com.lrn.cat.tc.ModuleManagerTC.searchModule()'><b>searchModule</b><br>Test class: com.lrn.cat.tc.ModuleManagerTC</td>
<td></td>
<td>127</td>
<td>com.lrn.cat.tc.ModuleManagerTC@3e77a1ed</td></tr>
</table><p>
</body>
</html>