<?xml version="1.0" encoding="UTF-8"?>
<!-- Generated by org.testng.reporters.JUnitXMLReporter -->
<testsuite hostname="WW7L4117" name="SanityCheck" tests="68" failures="4" timestamp="31 Jul 2017 17:21:42 GMT" time="5920.037" errors="0">
  <testcase name="CatLogicTC" time="13.662" classname="com.lrn.cat.tc.LoginTC"/>
  <testcase name="CatResetTest" time="17.176" classname="com.lrn.cat.tc.ResetTestTC"/>
  <testcase name="CatCreateCourseTC" time="28.576" classname="com.lrn.cat.tc.CreateCourseTC"/>
  <testcase name="CatAddLesson" time="13.011" classname="com.lrn.cat.tc.AddLessonTC"/>
  <testcase name="CatAddTopic" time="7.129" classname="com.lrn.cat.tc.AddTopicTC"/>
  <testcase name="CatAddPage" time="14.757" classname="com.lrn.cat.tc.AddPageTC"/>
  <testcase name="CatEditConcerntTemplateTC" time="267.751" classname="com.lrn.cat.tc.EditConcernTemplateTC"/>
  <testcase name="CatAddPage" time="14.797" classname="com.lrn.cat.tc.AddPageTC1"/>
  <testcase name="CatEditConsentTemplate" time="89.291" classname="com.lrn.cat.tc.EditConsentTemplateTC"/>
  <testcase name="CatAddPage" time="14.86" classname="com.lrn.cat.tc.AddPageTC2"/>
  <testcase name="CatEditSAQ" time="167.294" classname="com.lrn.cat.tc.EditSAQTC"/>
  <testcase name="CatAddLesson" time="13.311" classname="com.lrn.cat.tc.AddLessonTC1"/>
  <testcase name="CatAddTopic" time="7.435" classname="com.lrn.cat.tc.AddTopicTC1"/>
  <testcase name="CatAddPage" time="14.8" classname="com.lrn.cat.tc.AddPageTC3"/>
  <testcase name="CatEditTextTemplate" time="172.569" classname="com.lrn.cat.tc.EditTextTemplateTC"/>
  <testcase name="CatAddPage" time="14.933" classname="com.lrn.cat.tc.AddPageTC4"/>
  <testcase name="CatEditBinaryTemplate" time="109.747" classname="com.lrn.cat.tc.EditBinaryTemplateTC"/>
  <testcase name="CatAddPage" time="14.889" classname="com.lrn.cat.tc.AddPageTC5"/>
  <testcase name="CatEditCarouselTemplate" time="137.759" classname="com.lrn.cat.tc.EditCarouselTemplateTC"/>
  <testcase name="CatAddTopic" time="7.72" classname="com.lrn.cat.tc.AddTopicTC2"/>
  <testcase name="CatAddPage" time="14.831" classname="com.lrn.cat.tc.AddPageTC6"/>
  <testcase name="CatEditConsult" time="178.619" classname="com.lrn.cat.tc.EditConsultTemplateTC"/>
  <testcase name="CatAddPage" time="14.997" classname="com.lrn.cat.tc.AddPageTC7"/>
  <testcase name="CatEditVideoTemplate" time="259.658" classname="com.lrn.cat.tc.EditVideoTemplateTC"/>
  <testcase name="CatAddPage" time="15.008" classname="com.lrn.cat.tc.AddPageTC8"/>
  <testcase name="SidebarPageTC" time="94.76" classname="com.lrn.cat.tc.SidebarTemplateTC"/>
  <testcase name="CatAddLesson" time="13.783" classname="com.lrn.cat.tc.AddLessonTC2"/>
  <testcase name="CatAddPage" time="14.92" classname="com.lrn.cat.tc.AddPageTC9"/>
  <testcase name="CatEditDragAndDropTemplate" time="171.451" classname="com.lrn.cat.tc.EditDragAndDropTemplateTC"/>
  <testcase name="CatAddPage" time="15.013" classname="com.lrn.cat.tc.AddPageTC10"/>
  <testcase name="SelectableImagePageTC" time="214.847" classname="com.lrn.cat.tc.SelectableImageTC"/>
  <testcase name="CatAddPage" time="14.965" classname="com.lrn.cat.tc.AddPageTC11"/>
  <testcase name="CatEditMultipleScenarioTemplateTC" time="420.846" classname="com.lrn.cat.tc.EditMultipleScenarioTemplateTC"/>
  <testcase name="CatAddPage" time="14.951" classname="com.lrn.cat.tc.AddPageTC12"/>
  <testcase name="CatEditSelectAndRevealTemplate" time="266.696" classname="com.lrn.cat.tc.EditSelectAndRevealTemplateTC"/>
  <testcase name="CatAddPage" time="15.099" classname="com.lrn.cat.tc.AddPageTC13"/>
  <testcase name="SelectableHotspotPageTC" time="516.497" classname="com.lrn.cat.tc.SelectableHotspotTC"/>
  <testcase name="CatCreateTestOutLesson" time="303.495" classname="com.lrn.cat.tc.CreateTestOutLessonTC"/>
  <testcase name="CatCreateBranchingLesson" time="117.672" classname="com.lrn.cat.tc.CreateBranchingLessonTC"/>
  <testcase name="CatLockPage" time="34.132" classname="com.lrn.cat.tc.LockPageTC"/>
  <testcase name="CatLockPage" time="1.396" classname="com.lrn.cat.tc.UnlockPageTC"/>
  <testcase name="CatHidePage" time="33.898" classname="com.lrn.cat.tc.HidePageTC"/>
  <testcase name="CatUnhidePage" time="21.47" classname="com.lrn.cat.tc.UnhidePageTC"/>
  <testcase name="CatCopyNode" time="31.558" classname="com.lrn.cat.tc.CopyNodeTC"/>
  <testcase name="CatPasteNode" time="72.083" classname="com.lrn.cat.tc.PasteNodeTC">
    <failure type="java.lang.NullPointerException">
      <![CDATA[java.lang.NullPointerException
	at com.lrn.cat.page.PasteNode.pasteNode(PasteNode.java:56)
	at com.lrn.cat.tc.PasteNodeTC.CatPasteNode(PasteNodeTC.java:13)
... Removed 24 stack frames]]>
    </failure>
  </testcase> <!-- CatPasteNode -->
  <testcase name="CatDeletePage" time="27.342" classname="com.lrn.cat.tc.DeletePageTC"/>
  <testcase name="CatLandingPage" time="53.503" classname="com.lrn.cat.tc.LandingPageTC"/>
  <testcase name="CatEditCertificationTC" time="157.745" classname="com.lrn.cat.tc.EditCertificationTC"/>
  <testcase name="CATKnowledgeCheckTC" time="117.412" classname="com.lrn.cat.tc.KnowledgeCheckTC">
    <failure type="java.lang.NullPointerException">
      <![CDATA[java.lang.NullPointerException
	at com.lrn.cat.page.KnowledgeCheck.knowledgecheck(KnowledgeCheck.java:184)
	at com.lrn.cat.tc.KnowledgeCheckTC.CATKnowledgeCheckTC(KnowledgeCheckTC.java:13)
... Removed 24 stack frames]]>
    </failure>
  </testcase> <!-- CATKnowledgeCheckTC -->
  <testcase name="CATKCConifgTC" time="32.368" classname="com.lrn.cat.tc.KCConfigTC">
    <failure type="org.openqa.selenium.NoSuchElementException" message="no such element: Unable to locate element: {&amp;quot;method&amp;quot;:&amp;quot;xpath&amp;quot;,&amp;quot;selector&amp;quot;:&amp;quot;//*[@id=&amp;apos;messageDialog&amp;apos;]/tr/td[2]&amp;quot;}
  (Session info: chrome=60.0.3112.78)
  (Driver info: chromedriver=2.31.488763 (092de99f48a300323ecf8c2a4e2e7cab51de5ba8),platform=Windows NT 6.1.7601 SP1 x86_64) (WARNING: The server did not provide any stacktrace information)
Command duration or timeout: 37 milliseconds
For documentation on this error, please visit: http://seleniumhq.org/exceptions/no_such_element.html
Build info: version: &amp;apos;2.48.1&amp;apos;, revision: &amp;apos;d80083d8f7b0b0319976ef9712f7a2b531abaceb&amp;apos;, time: &amp;apos;2015-10-08 14:16:53&amp;apos;
System info: host: &amp;apos;WW7L4117&amp;apos;, ip: &amp;apos;10.1.91.68&amp;apos;, os.name: &amp;apos;Windows 7&amp;apos;, os.arch: &amp;apos;amd64&amp;apos;, os.version: &amp;apos;6.1&amp;apos;, java.version: &amp;apos;1.8.0_40&amp;apos;
Driver info: org.openqa.selenium.chrome.ChromeDriver
Capabilities [{applicationCacheEnabled=false, rotatable=false, mobileEmulationEnabled=false, networkConnectionEnabled=false, chrome={chromedriverVersion=2.31.488763 (092de99f48a300323ecf8c2a4e2e7cab51de5ba8), userDataDir=C:\Users\DSHOKO~1\AppData\Local\Temp\scoped_dir27144_13623}, takesHeapSnapshot=true, pageLoadStrategy=normal, databaseEnabled=false, handlesAlerts=true, hasTouchScreen=false, version=60.0.3112.78, platform=XP, browserConnectionEnabled=false, nativeEvents=true, acceptSslCerts=true, locationContextEnabled=true, webStorageEnabled=true, browserName=chrome, takesScreenshot=true, javascriptEnabled=true, cssSelectorsEnabled=true, setWindowRect=true, unexpectedAlertBehaviour=}]
Session ID: 29cf26cc6548f670628c42b758213ffa
*** Element info: {Using=xpath, value=//*[@id=&amp;apos;messageDialog&amp;apos;]/tr/td[2]}">
      <![CDATA[org.openqa.selenium.NoSuchElementException: no such element: Unable to locate element: {"method":"xpath","selector":"//*[@id='messageDialog']/tr/td[2]"}
  (Session info: chrome=60.0.3112.78)
  (Driver info: chromedriver=2.31.488763 (092de99f48a300323ecf8c2a4e2e7cab51de5ba8),platform=Windows NT 6.1.7601 SP1 x86_64) (WARNING: The server did not provide any stacktrace information)
Command duration or timeout: 37 milliseconds
For documentation on this error, please visit: http://seleniumhq.org/exceptions/no_such_element.html
Build info: version: '2.48.1', revision: 'd80083d8f7b0b0319976ef9712f7a2b531abaceb', time: '2015-10-08 14:16:53'
System info: host: 'WW7L4117', ip: '10.1.91.68', os.name: 'Windows 7', os.arch: 'amd64', os.version: '6.1', java.version: '1.8.0_40'
Driver info: org.openqa.selenium.chrome.ChromeDriver
Capabilities [{applicationCacheEnabled=false, rotatable=false, mobileEmulationEnabled=false, networkConnectionEnabled=false, chrome={chromedriverVersion=2.31.488763 (092de99f48a300323ecf8c2a4e2e7cab51de5ba8), userDataDir=C:\Users\DSHOKO~1\AppData\Local\Temp\scoped_dir27144_13623}, takesHeapSnapshot=true, pageLoadStrategy=normal, databaseEnabled=false, handlesAlerts=true, hasTouchScreen=false, version=60.0.3112.78, platform=XP, browserConnectionEnabled=false, nativeEvents=true, acceptSslCerts=true, locationContextEnabled=true, webStorageEnabled=true, browserName=chrome, takesScreenshot=true, javascriptEnabled=true, cssSelectorsEnabled=true, setWindowRect=true, unexpectedAlertBehaviour=}]
Session ID: 29cf26cc6548f670628c42b758213ffa
*** Element info: {Using=xpath, value=//*[@id='messageDialog']/tr/td[2]}
	at org.openqa.selenium.remote.ErrorHandler.createThrowable(ErrorHandler.java:206)
	at org.openqa.selenium.remote.ErrorHandler.throwIfResponseFailed(ErrorHandler.java:158)
	at org.openqa.selenium.remote.RemoteWebDriver.execute(RemoteWebDriver.java:647)
	at org.openqa.selenium.remote.RemoteWebDriver.findElement(RemoteWebDriver.java:353)
	at org.openqa.selenium.remote.RemoteWebDriver.findElementByXPath(RemoteWebDriver.java:490)
	at org.openqa.selenium.By$ByXPath.findElement(By.java:361)
	at org.openqa.selenium.remote.RemoteWebDriver.findElement(RemoteWebDriver.java:345)
	at com.lrn.cat.page.KCConifg.knowledgecheckTab(KCConifg.java:229)
	at com.lrn.cat.tc.KCConfigTC.CATKCConifgTC(KCConfigTC.java:16)
... Removed 27 stack frames]]>
    </failure>
  </testcase> <!-- CATKCConifgTC -->
  <testcase name="CatTileMenu" time="186.037" classname="com.lrn.cat.tc.TileMenuTC"/>
  <testcase name="CatEditCourseFeatures" time="171.937" classname="com.lrn.cat.tc.CourseFeaturesTC"/>
  <testcase name="CatAdvancedTab" time="35.815" classname="com.lrn.cat.tc.AdvancedTabTC"/>
  <testcase name="CatPublishCourse" time="67.087" classname="com.lrn.cat.tc.PublishCourseTC">
    <failure type="java.lang.NullPointerException">
      <![CDATA[java.lang.NullPointerException
	at com.lrn.cat.page.PublishCourse.publishCourse(PublishCourse.java:32)
	at com.lrn.cat.tc.PublishCourseTC.CatPublishCourse(PublishCourseTC.java:12)
... Removed 24 stack frames]]>
    </failure>
  </testcase> <!-- CatPublishCourse -->
  <testcase name="CatLogicTC" time="5.364" classname="com.lrn.cat.tc.SearchCourseTC"/>
  <testcase name="CatEditGetStarted" time="20.794" classname="com.lrn.cat.tc.EditGetStartedTC"/>
  <testcase name="CatReorderNodes" time="79.113" classname="com.lrn.cat.tc.ReorderNodesTC"/>
  <testcase name="CatPreviewCourse" time="469.716" classname="com.lrn.cat.tc.PreviewCourseTC"/>
  <testcase name="CatRevertCourse" time="14.402" classname="com.lrn.cat.tc.RevertCourseTC"/>
  <testcase name="CatExportToWord" time="20.192" classname="com.lrn.cat.tc.ExportToWordTC"/>
  <testcase name="CatPushToCDV" time="49.145" classname="com.lrn.cat.tc.PushToCDVTC"/>
  <testcase name="CatCloneCourse" time="47.934" classname="com.lrn.cat.tc.CloneCourseTC"/>
  <testcase name="CatDeleteCourse" time="14.211" classname="com.lrn.cat.tc.DeleteCourseTC"/>
  <testcase name="login" time="5.121" classname="com.lrn.cat.tc.LCECLoginTC"/>
  <testcase name="searchModule" time="127.14" classname="com.lrn.cat.tc.ModuleManagerTC"/>
  <testcase name="CatCustomizerRole" time="150.215" classname="com.lrn.cat.tc.CustomizerRoleTC"/>
  <testcase name="aferSaveAndExit" time="29.727" classname="com.lrn.cat.tc.AfterSaveAndExitTC"/>
  <testcase name="CatLCECLogout" time="6.132" classname="com.lrn.cat.tc.LCECLogoutTC"/>
</testsuite> <!-- SanityCheck -->
