<?xml version="1.0" encoding="UTF-8"?>
<!-- Generated by org.testng.reporters.JUnitXMLReporter -->
<testsuite hostname="WW7L4117" name="Adaptiveltr" tests="3" failures="0" timestamp="17 Jul 2017 18:53:58 GMT" time="32.723" errors="0">
  <testcase name="runAdaptivePage" time="23.665" classname="com.lrn.html5.templates.Adaptiveltr"/>
  <testcase name="Bulletin" time="1.056" classname="com.lrn.html5.templates.Adaptiveltr">
    <skipped/>
  </testcase> <!-- Bulletin -->
  <testcase name="NEXT" time="8.001" classname="com.lrn.html5.templates.Adaptiveltr"/>
</testsuite> <!-- Adaptiveltr -->
