<?xml version="1.0" encoding="UTF-8"?>
<!-- Generated by org.testng.reporters.JUnitXMLReporter -->
<testsuite hostname="WW7L4117" name="Adaptivertl" tests="3" failures="0" timestamp="17 Jul 2017 17:07:33 GMT" time="82.113" errors="0">
  <testcase name="runAdaptivePage" time="73.08" classname="com.lrn.html5.templates.Adaptivertl"/>
  <testcase name="Bulletin" time="1.064" classname="com.lrn.html5.templates.Adaptivertl">
    <skipped/>
  </testcase> <!-- Bulletin -->
  <testcase name="NEXT" time="7.968" classname="com.lrn.html5.templates.Adaptivertl"/>
</testsuite> <!-- Adaptivertl -->
