<?xml version="1.0" encoding="UTF-8"?>
<!-- Generated by org.testng.reporters.JUnitXMLReporter -->
<testsuite hostname="WW7L4117" name="Adaptiveltr" tests="3" failures="0" timestamp="17 Jul 2017 17:20:41 GMT" time="30.712" errors="0">
  <testcase name="runAdaptivePage" time="21.689" classname="com.lrn.html5.templates.Adaptiveltr"/>
  <testcase name="Bulletin" time="1.048" classname="com.lrn.html5.templates.Adaptiveltr">
    <skipped/>
  </testcase> <!-- Bulletin -->
  <testcase name="NEXT" time="7.975" classname="com.lrn.html5.templates.Adaptiveltr"/>
</testsuite> <!-- Adaptiveltr -->
