<?xml version="1.0" encoding="UTF-8"?>
<!-- Generated by org.testng.reporters.JUnitXMLReporter -->
<testsuite hostname="WW7L4117" name="Adaptivertl" tests="3" failures="0" timestamp="19 Jul 2017 01:58:22 GMT" time="81.173" errors="0">
  <testcase name="runAdaptivePage" time="72.235" classname="com.lrn.html5.templates.Adaptivertl"/>
  <testcase name="Bulletin" time="1.04" classname="com.lrn.html5.templates.Adaptivertl">
    <skipped/>
  </testcase> <!-- Bulletin -->
  <testcase name="NEXT" time="7.898" classname="com.lrn.html5.templates.Adaptivertl"/>
</testsuite> <!-- Adaptivertl -->
