<?xml version="1.0" encoding="UTF-8"?>
<!-- Generated by org.testng.reporters.JUnitXMLReporter -->
<testsuite hostname="WW7L4117" name="BinaryListltr" tests="3" failures="0" timestamp="20 Jul 2017 18:42:41 GMT" time="11.718" errors="0">
  <testcase name="selectCorrectBinaryOptions" time="4.619" classname="com.lrn.html5.templates.BinaryListltr"/>
  <testcase name="Bulletin" time="1.072" classname="com.lrn.html5.templates.BinaryListltr">
    <skipped/>
  </testcase> <!-- Bulletin -->
  <testcase name="NEXT" time="6.025" classname="com.lrn.html5.templates.BinaryListltr"/>
</testsuite> <!-- BinaryListltr -->
