<?xml version="1.0" encoding="UTF-8"?>
<!-- Generated by org.testng.reporters.JUnitXMLReporter -->
<testsuite hostname="WW7L4117" name="BinaryListltr" tests="3" failures="0" timestamp="24 Jul 2017 18:04:04 GMT" time="11.688" errors="0">
  <testcase name="selectCorrectBinaryOptions" time="4.611" classname="com.lrn.html5.templates.BinaryListltr"/>
  <testcase name="Bulletin" time="1.066" classname="com.lrn.html5.templates.BinaryListltr">
    <skipped/>
  </testcase> <!-- Bulletin -->
  <testcase name="NEXT" time="6.011" classname="com.lrn.html5.templates.BinaryListltr"/>
</testsuite> <!-- BinaryListltr -->
