<?xml version="1.0" encoding="UTF-8"?>
<!-- Generated by org.testng.reporters.JUnitXMLReporter -->
<testsuite hostname="WW7L4117" name="BranchingLesson" tests="3" failures="0" timestamp="24 Jul 2017 18:08:06 GMT" time="86.079" errors="0">
  <testcase name="branchingLessonWithMandatoryTopics" time="77.042" classname="com.lrn.html5.templates.BranchingLesson"/>
  <testcase name="Bulletin" time="1.05" classname="com.lrn.html5.templates.BranchingLesson">
    <skipped/>
  </testcase> <!-- Bulletin -->
  <testcase name="NEXT" time="7.987" classname="com.lrn.html5.templates.BranchingLesson"/>
</testsuite> <!-- BranchingLesson -->
