<?xml version="1.0" encoding="UTF-8"?>
<!-- Generated by org.testng.reporters.JUnitXMLReporter -->
<testsuite hostname="WW7L4117" name="BranchingLesson" tests="3" failures="0" timestamp="2 Aug 2017 23:57:19 GMT" time="67.495" errors="0">
  <testcase name="branchingLessonWithMandatoryTopics" time="58.45" classname="com.lrn.html5.templates.BranchingLesson"/>
  <testcase name="Bulletin" time="1.059" classname="com.lrn.html5.templates.BranchingLesson">
    <skipped/>
  </testcase> <!-- Bulletin -->
  <testcase name="NEXT" time="7.986" classname="com.lrn.html5.templates.BranchingLesson"/>
</testsuite> <!-- BranchingLesson -->
