<?xml version="1.0" encoding="UTF-8"?>
<!-- Generated by org.testng.reporters.JUnitXMLReporter -->
<testsuite hostname="WW7L4117" name="Carouselfsg" tests="3" failures="0" timestamp="17 Jul 2017 17:07:23 GMT" time="12.219" errors="0">
  <testcase name="carousel" time="5.15" classname="com.lrn.html5.templates.Carouselfsg"/>
  <testcase name="Bulletin" time="1.063" classname="com.lrn.html5.templates.Carouselfsg">
    <skipped/>
  </testcase> <!-- Bulletin -->
  <testcase name="NEXT" time="6.003" classname="com.lrn.html5.templates.Carouselfsg"/>
</testsuite> <!-- Carouselfsg -->
