<?xml version="1.0" encoding="UTF-8"?>
<!-- Generated by org.testng.reporters.JUnitXMLReporter -->
<testsuite hostname="WW7L4117" name="Carouselfsg" tests="3" failures="0" timestamp="26 Jul 2017 01:47:45 GMT" time="12.275" errors="0">
  <testcase name="carousel" time="5.215" classname="com.lrn.html5.templates.Carouselfsg"/>
  <testcase name="Bulletin" time="1.07" classname="com.lrn.html5.templates.Carouselfsg">
    <skipped/>
  </testcase> <!-- Bulletin -->
  <testcase name="NEXT" time="5.99" classname="com.lrn.html5.templates.Carouselfsg"/>
</testsuite> <!-- Carouselfsg -->
