<?xml version="1.0" encoding="UTF-8"?>
<!-- Generated by org.testng.reporters.JUnitXMLReporter -->
<testsuite hostname="WW7L4117" name="Certification" tests="6" failures="1" timestamp="27 Jul 2017 00:41:46 GMT" time="90.599" errors="0">
  <testcase name="runCertIntroPage" time="6.026" classname="com.lrn.html5.templates.Certification"/>
  <testcase name="checkCertQuestionPage" time="81.261" classname="com.lrn.html5.templates.Certification">
    <failure type="java.lang.AssertionError" message="null">
      <![CDATA[java.lang.AssertionError: null
	at com.lrn.webdrivercommon.WebAppCommon.assertFail(WebAppCommon.java:255)
	at com.lrn.webdrivercommon.WebAppCommon.movetoElement(WebAppCommon.java:589)
	at com.lrn.webdrivercommon.WebAppCommon.clickElementText(WebAppCommon.java:370)
	at com.lrn.html5.common.GenericTemplateMethods.runCertQuestionPage(GenericTemplateMethods.java:3305)
	at com.lrn.html5.templates.Certification.checkCertQuestionPage(Certification.java:17)
	at com.lrn.html5.common.GenericTemplateMethods.runTemplatesTestNGxml(GenericTemplateMethods.java:4678)
	at com.lrn.html5.common.GenericTemplateMethods.runTileMenuPage(GenericTemplateMethods.java:3186)
	at com.lrn.html5.templates.TileMenu.runTiles(TileMenu.java:11)
	at com.lrn.html5.common.GenericTemplateMethods.runTemplatesTestNGxml(GenericTemplateMethods.java:4678)
	at com.lrn.html5.common.GenericTemplateMethods.initialiseTemplatesAndrunCourse(GenericTemplateMethods.java:4362)
	at com.lrn.cat.page.PreviewCourse.previewCourse(PreviewCourse.java:62)
	at com.lrn.cat.tc.PreviewCourseTC.CatPreviewCourse(PreviewCourseTC.java:12)
... Removed 68 stack frames]]>
    </failure>
  </testcase> <!-- checkCertQuestionPage -->
  <testcase name="clickNextForTileMenu" time="1.074" classname="com.lrn.html5.templates.Certification">
    <skipped/>
  </testcase> <!-- clickNextForTileMenu -->
  <testcase name="clickViewYourCompletionCertificateButtonOnLinearCourse" time="1.047" classname="com.lrn.html5.templates.Certification">
    <skipped/>
  </testcase> <!-- clickViewYourCompletionCertificateButtonOnLinearCourse -->
  <testcase name="clickTakeSurveyOnLinearCourse" time="1.061" classname="com.lrn.html5.templates.Certification">
    <skipped/>
  </testcase> <!-- clickTakeSurveyOnLinearCourse -->
  <testcase name="exitCourse" time="0.13" classname="com.lrn.html5.templates.Certification">
    <skipped/>
  </testcase> <!-- exitCourse -->
</testsuite> <!-- Certification -->
