<?xml version="1.0" encoding="UTF-8"?>
<!-- Generated by org.testng.reporters.JUnitXMLReporter -->
<testsuite hostname="WW7L4117" name="ClickToRevealBox" tests="4" failures="0" timestamp="19 Jul 2017 01:59:58 GMT" time="11.785" errors="0">
  <testcase name="checkClickOption1" time="0.085" classname="com.lrn.html5.templates.ClickToRevealBox"/>
  <testcase name="Bulletin" time="1.095" classname="com.lrn.html5.templates.ClickToRevealBox">
    <skipped/>
  </testcase> <!-- Bulletin -->
  <testcase name="clickOptionImages" time="4.61" classname="com.lrn.html5.templates.ClickToRevealBox"/>
  <testcase name="NEXT" time="5.995" classname="com.lrn.html5.templates.ClickToRevealBox"/>
</testsuite> <!-- ClickToRevealBox -->
