<?xml version="1.0" encoding="UTF-8"?>
<!-- Generated by org.testng.reporters.JUnitXMLReporter -->
<testsuite hostname="WW7L4117" name="ClickToRevealBox" tests="4" failures="0" timestamp="19 Jul 2017 18:24:05 GMT" time="11.911" errors="0">
  <testcase name="checkClickOption1" time="0.098" classname="com.lrn.html5.templates.ClickToRevealBox"/>
  <testcase name="Bulletin" time="1.075" classname="com.lrn.html5.templates.ClickToRevealBox">
    <skipped/>
  </testcase> <!-- Bulletin -->
  <testcase name="clickOptionImages" time="4.691" classname="com.lrn.html5.templates.ClickToRevealBox"/>
  <testcase name="NEXT" time="6.047" classname="com.lrn.html5.templates.ClickToRevealBox"/>
</testsuite> <!-- ClickToRevealBox -->
