<?xml version="1.0" encoding="UTF-8"?>
<!-- Generated by org.testng.reporters.JUnitXMLReporter -->
<testsuite hostname="WW7L4117" name="ClickToRevealSelectableImagertl" tests="4" failures="0" timestamp="27 Jul 2017 00:36:31 GMT" time="23.701" errors="0">
  <testcase name="checkSelectableImage1" time="0.113" classname="com.lrn.html5.templates.ClickToRevealSelectableImagertl"/>
  <testcase name="clickSelectableImages" time="5.929" classname="com.lrn.html5.templates.ClickToRevealSelectableImagertl"/>
  <testcase name="Bulletin" time="1.077" classname="com.lrn.html5.templates.ClickToRevealSelectableImagertl">
    <skipped/>
  </testcase> <!-- Bulletin -->
  <testcase name="NEXT" time="16.582" classname="com.lrn.html5.templates.ClickToRevealSelectableImagertl"/>
</testsuite> <!-- ClickToRevealSelectableImagertl -->
