<?xml version="1.0" encoding="UTF-8"?>
<!-- Generated by org.testng.reporters.JUnitXMLReporter -->
<testsuite hostname="WW7L4117" name="Concernltr" tests="6" failures="0" timestamp="6 Jul 2017 19:43:15 GMT" time="14.747" errors="0">
  <testcase name="dragConcernMeter" time="0.38" classname="com.lrn.html5.templates.Concernltr"/>
  <testcase name="submitConcernMeterChoice" time="0.721" classname="com.lrn.html5.templates.Concernltr"/>
  <testcase name="selectSaqCorrectoptions" time="4.296" classname="com.lrn.html5.templates.Concernltr"/>
  <testcase name="selectSaqCorrectSubmit" time="1.854" classname="com.lrn.html5.templates.Concernltr"/>
  <testcase name="Bulletin" time="1.096" classname="com.lrn.html5.templates.Concernltr">
    <skipped/>
  </testcase> <!-- Bulletin -->
  <testcase name="NEXT" time="6.4" classname="com.lrn.html5.templates.Concernltr"/>
</testsuite> <!-- Concernltr -->
