<?xml version="1.0" encoding="UTF-8"?>
<!-- Generated by org.testng.reporters.JUnitXMLReporter -->
<testsuite hostname="WW7L4117" name="Concernltr" tests="6" failures="0" timestamp="21 Aug 2017 23:42:24 GMT" time="14.428" errors="0">
  <testcase name="dragConcernMeter" time="0.443" classname="com.lrn.html5.templates.Concernltr"/>
  <testcase name="submitConcernMeterChoice" time="0.733" classname="com.lrn.html5.templates.Concernltr"/>
  <testcase name="selectSaqCorrectoptions" time="4.275" classname="com.lrn.html5.templates.Concernltr"/>
  <testcase name="selectSaqCorrectSubmit" time="1.809" classname="com.lrn.html5.templates.Concernltr"/>
  <testcase name="Bulletin" time="1.081" classname="com.lrn.html5.templates.Concernltr">
    <skipped/>
  </testcase> <!-- Bulletin -->
  <testcase name="NEXT" time="6.087" classname="com.lrn.html5.templates.Concernltr"/>
</testsuite> <!-- Concernltr -->
