<?xml version="1.0" encoding="UTF-8"?>
<!-- Generated by org.testng.reporters.JUnitXMLReporter -->
<testsuite hostname="WW7L4117" name="Consultltr" tests="5" failures="0" timestamp="6 Jul 2017 19:46:18 GMT" time="14.904" errors="0">
  <testcase name="clickConsultOptions" time="2.718" classname="com.lrn.html5.templates.Consultltr"/>
  <testcase name="Bulletin" time="1.102" classname="com.lrn.html5.templates.Consultltr">
    <skipped/>
  </testcase> <!-- Bulletin -->
  <testcase name="selectConsultSaqCorrectoptions" time="3.202" classname="com.lrn.html5.templates.Consultltr"/>
  <testcase name="selectConsultSaqCorrectSubmit" time="1.848" classname="com.lrn.html5.templates.Consultltr"/>
  <testcase name="NEXT" time="6.033" classname="com.lrn.html5.templates.Consultltr"/>
</testsuite> <!-- Consultltr -->
