<?xml version="1.0" encoding="UTF-8"?>
<!-- Generated by org.testng.reporters.JUnitXMLReporter -->
<testsuite hostname="WW7L4117" name="Consultltr" tests="5" failures="0" timestamp="17 Jul 2017 17:21:31 GMT" time="16.995" errors="0">
  <testcase name="clickConsultOptions" time="1.846" classname="com.lrn.html5.templates.Consultltr"/>
  <testcase name="Bulletin" time="1.061" classname="com.lrn.html5.templates.Consultltr">
    <skipped/>
  </testcase> <!-- Bulletin -->
  <testcase name="selectConsultSaqCorrectoptions" time="3.113" classname="com.lrn.html5.templates.Consultltr"/>
  <testcase name="selectConsultSaqCorrectSubmit" time="1.837" classname="com.lrn.html5.templates.Consultltr"/>
  <testcase name="NEXT" time="9.136" classname="com.lrn.html5.templates.Consultltr"/>
</testsuite> <!-- Consultltr -->
