<?xml version="1.0" encoding="UTF-8"?>
<!-- Generated by org.testng.reporters.JUnitXMLReporter -->
<testsuite hostname="WW7L4117" name="Consentltr" tests="3" failures="0" timestamp="24 Jul 2017 18:03:35 GMT" time="8.83" errors="0">
  <testcase name="selectSingleOption" time="1.772" classname="com.lrn.html5.templates.Consentltr"/>
  <testcase name="Bulletin" time="1.075" classname="com.lrn.html5.templates.Consentltr">
    <skipped/>
  </testcase> <!-- Bulletin -->
  <testcase name="NEXT" time="5.983" classname="com.lrn.html5.templates.Consentltr"/>
</testsuite> <!-- Consentltr -->
