<?xml version="1.0" encoding="UTF-8"?>
<!-- Generated by org.testng.reporters.JUnitXMLReporter -->
<testsuite hostname="WW7L4117" name="Consentltr" tests="3" failures="0" timestamp="19 Jul 2017 03:46:57 GMT" time="8.818" errors="0">
  <testcase name="selectSingleOption" time="1.731" classname="com.lrn.html5.templates.Consentltr"/>
  <testcase name="Bulletin" time="1.095" classname="com.lrn.html5.templates.Consentltr">
    <skipped/>
  </testcase> <!-- Bulletin -->
  <testcase name="NEXT" time="5.992" classname="com.lrn.html5.templates.Consentltr"/>
</testsuite> <!-- Consentltr -->
