<?xml version="1.0" encoding="UTF-8"?>
<!-- Generated by org.testng.reporters.JUnitXMLReporter -->
<testsuite hostname="WW7L4117" name="DragandDrop" tests="8" failures="0" timestamp="20 Jul 2017 21:38:18 GMT" time="15.879" errors="0">
  <testcase name="checkDnDBox" time="1.359" classname="com.lrn.html5.templates.DragandDrop"/>
  <testcase name="checkDnDFlag" time="1.039" classname="com.lrn.html5.templates.DragandDrop">
    <skipped/>
  </testcase> <!-- checkDnDFlag -->
  <testcase name="dragCorrectBox" time="5.664" classname="com.lrn.html5.templates.DragandDrop"/>
  <testcase name="dragCorrectFlag" time="0.0" classname="com.lrn.html5.templates.DragandDrop">
    <skipped/>
  </testcase> <!-- dragCorrectFlag -->
  <testcase name="submitCorrectBox" time="0.741" classname="com.lrn.html5.templates.DragandDrop"/>
  <testcase name="submitCorrectFlag" time="0.0" classname="com.lrn.html5.templates.DragandDrop">
    <skipped/>
  </testcase> <!-- submitCorrectFlag -->
  <testcase name="Bulletin" time="1.061" classname="com.lrn.html5.templates.DragandDrop">
    <skipped/>
  </testcase> <!-- Bulletin -->
  <testcase name="NEXT" time="6.015" classname="com.lrn.html5.templates.DragandDrop"/>
</testsuite> <!-- DragandDrop -->
