<?xml version="1.0" encoding="UTF-8"?>
<!-- Generated by org.testng.reporters.JUnitXMLReporter -->
<testsuite hostname="WW7L4117" name="DragandDrop" tests="8" failures="0" timestamp="2 Aug 2017 23:54:07 GMT" time="16.071" errors="0">
  <testcase name="checkDnDBox" time="1.344" classname="com.lrn.html5.templates.DragandDrop"/>
  <testcase name="checkDnDFlag" time="1.048" classname="com.lrn.html5.templates.DragandDrop">
    <skipped/>
  </testcase> <!-- checkDnDFlag -->
  <testcase name="dragCorrectBox" time="5.811" classname="com.lrn.html5.templates.DragandDrop"/>
  <testcase name="dragCorrectFlag" time="0.0" classname="com.lrn.html5.templates.DragandDrop">
    <skipped/>
  </testcase> <!-- dragCorrectFlag -->
  <testcase name="submitCorrectBox" time="0.776" classname="com.lrn.html5.templates.DragandDrop"/>
  <testcase name="submitCorrectFlag" time="0.001" classname="com.lrn.html5.templates.DragandDrop">
    <skipped/>
  </testcase> <!-- submitCorrectFlag -->
  <testcase name="Bulletin" time="1.062" classname="com.lrn.html5.templates.DragandDrop">
    <skipped/>
  </testcase> <!-- Bulletin -->
  <testcase name="NEXT" time="6.029" classname="com.lrn.html5.templates.DragandDrop"/>
</testsuite> <!-- DragandDrop -->
