<?xml version="1.0" encoding="UTF-8"?>
<!-- Generated by org.testng.reporters.JUnitXMLReporter -->
<testsuite hostname="WW7L4117" name="GraphicalSaq" tests="4" failures="0" timestamp="17 Jul 2017 17:09:31 GMT" time="17.953" errors="0">
  <testcase name="selectGraphicalSaqCorrectOptions" time="4.912" classname="com.lrn.html5.templates.GraphicalSaq"/>
  <testcase name="Bulletin" time="1.059" classname="com.lrn.html5.templates.GraphicalSaq">
    <skipped/>
  </testcase> <!-- Bulletin -->
  <testcase name="selectGraphicalSaqCorrectSubmit" time="2.868" classname="com.lrn.html5.templates.GraphicalSaq"/>
  <testcase name="NEXT" time="9.114" classname="com.lrn.html5.templates.GraphicalSaq"/>
</testsuite> <!-- GraphicalSaq -->
