<?xml version="1.0" encoding="UTF-8"?>
<!-- Generated by org.testng.reporters.JUnitXMLReporter -->
<testsuite hostname="WW7L4117" name="GraphicalSaq" tests="4" failures="0" timestamp="20 Jul 2017 18:45:06 GMT" time="18.316" errors="0">
  <testcase name="selectGraphicalSaqCorrectOptions" time="5.061" classname="com.lrn.html5.templates.GraphicalSaq"/>
  <testcase name="Bulletin" time="1.08" classname="com.lrn.html5.templates.GraphicalSaq">
    <skipped/>
  </testcase> <!-- Bulletin -->
  <testcase name="selectGraphicalSaqCorrectSubmit" time="2.886" classname="com.lrn.html5.templates.GraphicalSaq"/>
  <testcase name="NEXT" time="9.288" classname="com.lrn.html5.templates.GraphicalSaq"/>
</testsuite> <!-- GraphicalSaq -->
