<?xml version="1.0" encoding="UTF-8"?>
<!-- Generated by org.testng.reporters.JUnitXMLReporter -->
<testsuite hostname="WW7L4117" name="KnowledgeCheckANDResultsandFeedback" tests="7" failures="0" timestamp="24 Jul 2017 18:08:25 GMT" time="14.222" errors="0">
  <testcase name="runKnowledgeCheckWithCorrectSelections" time="9.248" classname="com.lrn.html5.templates.KnowledgeCheckANDResultsandFeedback"/>
  <testcase name="checkNextDisableOnLinearCoursePage" time="1.046" classname="com.lrn.html5.templates.KnowledgeCheckANDResultsandFeedback">
    <skipped/>
  </testcase> <!-- checkNextDisableOnLinearCoursePage -->
  <testcase name="clickNextForTileMenu" time="2.804" classname="com.lrn.html5.templates.KnowledgeCheckANDResultsandFeedback"/>
  <testcase name="exitCourse" time="0.078" classname="com.lrn.html5.templates.KnowledgeCheckANDResultsandFeedback">
    <skipped/>
  </testcase> <!-- exitCourse -->
  <testcase name="clickContinueToCertification" time="1.046" classname="com.lrn.html5.templates.KnowledgeCheckANDResultsandFeedback">
    <skipped/>
  </testcase> <!-- clickContinueToCertification -->
  <testcase name="clickViewYourCompletionCertificateButtonOnLinearCourse" time="0.0" classname="com.lrn.html5.templates.KnowledgeCheckANDResultsandFeedback">
    <skipped/>
  </testcase> <!-- clickViewYourCompletionCertificateButtonOnLinearCourse -->
  <testcase name="clickTakeSurveyOnLinearCourse" time="0.0" classname="com.lrn.html5.templates.KnowledgeCheckANDResultsandFeedback">
    <skipped/>
  </testcase> <!-- clickTakeSurveyOnLinearCourse -->
</testsuite> <!-- KnowledgeCheckANDResultsandFeedback -->
