<?xml version="1.0" encoding="UTF-8"?>
<!-- Generated by org.testng.reporters.JUnitXMLReporter -->
<testsuite hostname="WW7L4117" name="KnowledgeCheckANDResultsandFeedback" tests="7" failures="0" timestamp="21 Aug 2017 23:46:27 GMT" time="14.496" errors="0">
  <testcase name="runKnowledgeCheckWithCorrectSelections" time="9.46" classname="com.lrn.html5.templates.KnowledgeCheckANDResultsandFeedback"/>
  <testcase name="checkNextDisableOnLinearCoursePage" time="1.036" classname="com.lrn.html5.templates.KnowledgeCheckANDResultsandFeedback">
    <skipped/>
  </testcase> <!-- checkNextDisableOnLinearCoursePage -->
  <testcase name="clickNextForTileMenu" time="2.845" classname="com.lrn.html5.templates.KnowledgeCheckANDResultsandFeedback"/>
  <testcase name="exitCourse" time="0.103" classname="com.lrn.html5.templates.KnowledgeCheckANDResultsandFeedback">
    <skipped/>
  </testcase> <!-- exitCourse -->
  <testcase name="clickContinueToCertification" time="1.047" classname="com.lrn.html5.templates.KnowledgeCheckANDResultsandFeedback">
    <skipped/>
  </testcase> <!-- clickContinueToCertification -->
  <testcase name="clickViewYourCompletionCertificateButtonOnLinearCourse" time="0.0" classname="com.lrn.html5.templates.KnowledgeCheckANDResultsandFeedback">
    <skipped/>
  </testcase> <!-- clickViewYourCompletionCertificateButtonOnLinearCourse -->
  <testcase name="clickTakeSurveyOnLinearCourse" time="0.0" classname="com.lrn.html5.templates.KnowledgeCheckANDResultsandFeedback">
    <skipped/>
  </testcase> <!-- clickTakeSurveyOnLinearCourse -->
</testsuite> <!-- KnowledgeCheckANDResultsandFeedback -->
