<?xml version="1.0" encoding="UTF-8"?>
<!-- Generated by org.testng.reporters.JUnitXMLReporter -->
<testsuite hostname="WW7L4117" name="MultipleScenariottb" tests="3" failures="0" timestamp="20 Jul 2017 23:28:14 GMT" time="42.456" errors="0">
  <testcase name="multipleScenario" time="35.375" classname="com.lrn.html5.templates.MultipleScenariottb"/>
  <testcase name="Bulletin" time="1.071" classname="com.lrn.html5.templates.MultipleScenariottb">
    <skipped/>
  </testcase> <!-- Bulletin -->
  <testcase name="NEXT" time="6.01" classname="com.lrn.html5.templates.MultipleScenariottb"/>
</testsuite> <!-- MultipleScenariottb -->
