<?xml version="1.0" encoding="UTF-8"?>
<!-- Generated by org.testng.reporters.JUnitXMLReporter -->
<testsuite hostname="WW7L4117" name="TileMenu" tests="5" failures="0" timestamp="6 Jul 2017 19:49:04 GMT" time="399.002" errors="0">
  <testcase name="runTiles" time="393.777" classname="com.lrn.html5.templates.TileMenu"/>
  <testcase name="Bulletin" time="1.059" classname="com.lrn.html5.templates.TileMenu">
    <skipped/>
  </testcase> <!-- Bulletin -->
  <testcase name="exitCourse" time="2.055" classname="com.lrn.html5.templates.TileMenu"/>
  <testcase name="clickViewYourCompletionCertificateButtonOnTileMenuCourse" time="1.064" classname="com.lrn.html5.templates.TileMenu">
    <skipped/>
  </testcase> <!-- clickViewYourCompletionCertificateButtonOnTileMenuCourse -->
  <testcase name="clickTakeSurveyOnTileMenuCourse" time="1.047" classname="com.lrn.html5.templates.TileMenu">
    <skipped/>
  </testcase> <!-- clickTakeSurveyOnTileMenuCourse -->
</testsuite> <!-- TileMenu -->
