<?xml version="1.0" encoding="UTF-8"?>
<!-- Generated by org.testng.reporters.JUnitXMLReporter -->
<testsuite hostname="WW7L4117" name="TileMenu" tests="5" failures="0" timestamp="20 Jul 2017 21:43:06 GMT" time="394.798" errors="0">
  <testcase name="runTiles" time="389.584" classname="com.lrn.html5.templates.TileMenu"/>
  <testcase name="Bulletin" time="1.056" classname="com.lrn.html5.templates.TileMenu">
    <skipped/>
  </testcase> <!-- Bulletin -->
  <testcase name="exitCourse" time="2.07" classname="com.lrn.html5.templates.TileMenu"/>
  <testcase name="clickViewYourCompletionCertificateButtonOnTileMenuCourse" time="1.043" classname="com.lrn.html5.templates.TileMenu">
    <skipped/>
  </testcase> <!-- clickViewYourCompletionCertificateButtonOnTileMenuCourse -->
  <testcase name="clickTakeSurveyOnTileMenuCourse" time="1.045" classname="com.lrn.html5.templates.TileMenu">
    <skipped/>
  </testcase> <!-- clickTakeSurveyOnTileMenuCourse -->
</testsuite> <!-- TileMenu -->
