<?xml version="1.0" encoding="UTF-8"?>
<!-- Generated by org.testng.reporters.JUnitXMLReporter -->
<testsuite hostname="WW7L4117" name="Videoltr" tests="3" failures="0" timestamp="17 Jul 2017 17:10:12 GMT" time="11.983" errors="0">
  <testcase name="videoPage" time="4.139" classname="com.lrn.html5.templates.Videoltr"/>
  <testcase name="Bulletin" time="1.822" classname="com.lrn.html5.templates.Videoltr"/>
  <testcase name="NEXT" time="6.022" classname="com.lrn.html5.templates.Videoltr"/>
</testsuite> <!-- Videoltr -->
