<?xml version="1.0" encoding="UTF-8"?>
<!-- Generated by org.testng.reporters.JUnitXMLReporter -->
<testsuite hostname="WW7L4117" name="Videoltr" tests="3" failures="0" timestamp="6 Jul 2017 19:46:33 GMT" time="12.005" errors="0">
  <testcase name="videoPage" time="4.137" classname="com.lrn.html5.templates.Videoltr"/>
  <testcase name="Bulletin" time="1.819" classname="com.lrn.html5.templates.Videoltr"/>
  <testcase name="NEXT" time="6.047" classname="com.lrn.html5.templates.Videoltr"/>
</testsuite> <!-- Videoltr -->
