<?xml version="1.0" encoding="UTF-8"?>
<testng-results skipped="0" failed="0" total="13" passed="13">
  <reporter-output>
  </reporter-output>
  <suite name="Suite" duration-ms="505290" started-at="2017-07-21T00:16:41Z" finished-at="2017-07-21T00:25:06Z">
    <groups>
    </groups>
    <test name="SanityCheck" duration-ms="505290" started-at="2017-07-21T00:16:41Z" finished-at="2017-07-21T00:25:06Z">
      <class name="com.lrn.cat.tc.AddLessonTC">
        <test-method status="PASS" signature="CatAddLesson()[pri:0, instance:com.lrn.cat.tc.AddLessonTC@7dc222ae]" name="CatAddLesson" duration-ms="12843" started-at="2017-07-20T17:17:25Z" finished-at="2017-07-20T17:17:38Z">
          <reporter-output>
          </reporter-output>
        </test-method> <!-- CatAddLesson -->
        <test-method status="PASS" signature="updateResult(org.testng.ITestResult)[pri:0, instance:com.lrn.cat.tc.AddLessonTC@7dc222ae]" name="updateResult" is-config="true" duration-ms="35" started-at="2017-07-20T17:17:38Z" finished-at="2017-07-20T17:17:38Z">
          <params>
            <param index="0">
              <value>
                <![CDATA[[TestResult name=CatAddLesson status=SUCCESS method=AddLessonTC.CatAddLesson()[pri:0, instance:com.lrn.cat.tc.AddLessonTC@7dc222ae] output={null}]]]>
              </value>
            </param>
          </params>
          <reporter-output>
          </reporter-output>
        </test-method> <!-- updateResult -->
      </class> <!-- com.lrn.cat.tc.AddLessonTC -->
      <class name="com.lrn.cat.tc.LogoutTC">
        <test-method status="PASS" signature="CatLogicTC()[pri:0, instance:com.lrn.cat.tc.LogoutTC@1068e947]" name="CatLogicTC" duration-ms="2888" started-at="2017-07-20T17:20:21Z" finished-at="2017-07-20T17:20:24Z">
          <reporter-output>
          </reporter-output>
        </test-method> <!-- CatLogicTC -->
        <test-method status="PASS" signature="updateResult(org.testng.ITestResult)[pri:0, instance:com.lrn.cat.tc.LogoutTC@1068e947]" name="updateResult" is-config="true" duration-ms="33" started-at="2017-07-20T17:20:24Z" finished-at="2017-07-20T17:20:24Z">
          <params>
            <param index="0">
              <value>
                <![CDATA[[TestResult name=CatLogicTC status=SUCCESS method=LogoutTC.CatLogicTC()[pri:0, instance:com.lrn.cat.tc.LogoutTC@1068e947] output={null}]]]>
              </value>
            </param>
          </params>
          <reporter-output>
          </reporter-output>
        </test-method> <!-- updateResult -->
      </class> <!-- com.lrn.cat.tc.LogoutTC -->
      <class name="com.lrn.cat.tc.AddTopicTC">
        <test-method status="PASS" signature="CatAddTopic()[pri:0, instance:com.lrn.cat.tc.AddTopicTC@b9afc07]" name="CatAddTopic" duration-ms="7041" started-at="2017-07-20T17:17:38Z" finished-at="2017-07-20T17:17:45Z">
          <reporter-output>
          </reporter-output>
        </test-method> <!-- CatAddTopic -->
        <test-method status="PASS" signature="updateResult(org.testng.ITestResult)[pri:0, instance:com.lrn.cat.tc.AddTopicTC@b9afc07]" name="updateResult" is-config="true" duration-ms="36" started-at="2017-07-20T17:17:45Z" finished-at="2017-07-20T17:17:45Z">
          <params>
            <param index="0">
              <value>
                <![CDATA[[TestResult name=CatAddTopic status=SUCCESS method=AddTopicTC.CatAddTopic()[pri:0, instance:com.lrn.cat.tc.AddTopicTC@b9afc07] output={null}]]]>
              </value>
            </param>
          </params>
          <reporter-output>
          </reporter-output>
        </test-method> <!-- updateResult -->
      </class> <!-- com.lrn.cat.tc.AddTopicTC -->
      <class name="com.lrn.cat.tc.CustomizerRoleTC">
        <test-method status="PASS" signature="CatCustomizerRole()[pri:0, instance:com.lrn.cat.tc.CustomizerRoleTC@8b87145]" name="CatCustomizerRole" duration-ms="123207" started-at="2017-07-20T17:22:35Z" finished-at="2017-07-20T17:24:38Z">
          <reporter-output>
          </reporter-output>
        </test-method> <!-- CatCustomizerRole -->
        <test-method status="PASS" signature="updateResult(org.testng.ITestResult)[pri:0, instance:com.lrn.cat.tc.CustomizerRoleTC@8b87145]" name="updateResult" is-config="true" duration-ms="32" started-at="2017-07-20T17:24:38Z" finished-at="2017-07-20T17:24:38Z">
          <params>
            <param index="0">
              <value>
                <![CDATA[[TestResult name=CatCustomizerRole status=SUCCESS method=CustomizerRoleTC.CatCustomizerRole()[pri:0, instance:com.lrn.cat.tc.CustomizerRoleTC@8b87145] output={null}]]]>
              </value>
            </param>
          </params>
          <reporter-output>
          </reporter-output>
        </test-method> <!-- updateResult -->
      </class> <!-- com.lrn.cat.tc.CustomizerRoleTC -->
      <class name="com.lrn.cat.tc.AddPageTC">
        <test-method status="PASS" signature="startWebDriver(java.lang.String)[pri:0, instance:com.lrn.cat.tc.AddPageTC@4516af24]" name="startWebDriver" is-config="true" duration-ms="4317" started-at="2017-07-20T17:16:41Z" finished-at="2017-07-20T17:16:45Z">
          <params>
            <param index="0">
              <value>
                <![CDATA[chrome]]>
              </value>
            </param>
          </params>
          <reporter-output>
          </reporter-output>
        </test-method> <!-- startWebDriver -->
        <test-method status="PASS" signature="CatAddPage()[pri:0, instance:com.lrn.cat.tc.AddPageTC@4516af24]" name="CatAddPage" duration-ms="14750" started-at="2017-07-20T17:17:45Z" finished-at="2017-07-20T17:18:00Z">
          <reporter-output>
          </reporter-output>
        </test-method> <!-- CatAddPage -->
        <test-method status="PASS" signature="updateResult(org.testng.ITestResult)[pri:0, instance:com.lrn.cat.tc.AddPageTC@4516af24]" name="updateResult" is-config="true" duration-ms="48" started-at="2017-07-20T17:18:00Z" finished-at="2017-07-20T17:18:00Z">
          <params>
            <param index="0">
              <value>
                <![CDATA[[TestResult name=CatAddPage status=SUCCESS method=AddPageTC.CatAddPage()[pri:0, instance:com.lrn.cat.tc.AddPageTC@4516af24] output={null}]]]>
              </value>
            </param>
          </params>
          <reporter-output>
          </reporter-output>
        </test-method> <!-- updateResult -->
        <test-method status="PASS" signature="endClass()[pri:0, instance:com.lrn.cat.tc.AddPageTC@4516af24]" name="endClass" is-config="true" duration-ms="3453" started-at="2017-07-20T17:25:02Z" finished-at="2017-07-20T17:25:06Z">
          <reporter-output>
          </reporter-output>
        </test-method> <!-- endClass -->
      </class> <!-- com.lrn.cat.tc.AddPageTC -->
      <class name="com.lrn.cat.tc.ModuleManagerTC">
        <test-method status="PASS" signature="searchModule()[pri:0, instance:com.lrn.cat.tc.ModuleManagerTC@5fcd892a]" name="searchModule" duration-ms="126435" started-at="2017-07-20T17:20:29Z" finished-at="2017-07-20T17:22:35Z">
          <reporter-output>
          </reporter-output>
        </test-method> <!-- searchModule -->
        <test-method status="PASS" signature="updateResult(org.testng.ITestResult)[pri:0, instance:com.lrn.cat.tc.ModuleManagerTC@5fcd892a]" name="updateResult" is-config="true" duration-ms="42" started-at="2017-07-20T17:22:35Z" finished-at="2017-07-20T17:22:35Z">
          <params>
            <param index="0">
              <value>
                <![CDATA[[TestResult name=searchModule status=SUCCESS method=ModuleManagerTC.searchModule()[pri:0, instance:com.lrn.cat.tc.ModuleManagerTC@5fcd892a] output={null}]]]>
              </value>
            </param>
          </params>
          <reporter-output>
          </reporter-output>
        </test-method> <!-- updateResult -->
      </class> <!-- com.lrn.cat.tc.ModuleManagerTC -->
      <class name="com.lrn.cat.tc.LCECLoginTC">
        <test-method status="PASS" signature="login()[pri:0, instance:com.lrn.cat.tc.LCECLoginTC@7ba18f1b]" name="login" duration-ms="4597" started-at="2017-07-20T17:20:24Z" finished-at="2017-07-20T17:20:29Z">
          <reporter-output>
          </reporter-output>
        </test-method> <!-- login -->
        <test-method status="PASS" signature="updateResult(org.testng.ITestResult)[pri:0, instance:com.lrn.cat.tc.LCECLoginTC@7ba18f1b]" name="updateResult" is-config="true" duration-ms="22" started-at="2017-07-20T17:20:29Z" finished-at="2017-07-20T17:20:29Z">
          <params>
            <param index="0">
              <value>
                <![CDATA[[TestResult name=login status=SUCCESS method=LCECLoginTC.login()[pri:0, instance:com.lrn.cat.tc.LCECLoginTC@7ba18f1b] output={null}]]]>
              </value>
            </param>
          </params>
          <reporter-output>
          </reporter-output>
        </test-method> <!-- updateResult -->
      </class> <!-- com.lrn.cat.tc.LCECLoginTC -->
      <class name="com.lrn.cat.tc.LoginTC">
        <test-method status="PASS" signature="CatLogicTC()[pri:0, instance:com.lrn.cat.tc.LoginTC@2f8f5f62]" name="CatLogicTC" duration-ms="7185" started-at="2017-07-20T17:16:45Z" finished-at="2017-07-20T17:16:52Z">
          <reporter-output>
          </reporter-output>
        </test-method> <!-- CatLogicTC -->
        <test-method status="PASS" signature="updateResult(org.testng.ITestResult)[pri:0, instance:com.lrn.cat.tc.LoginTC@2f8f5f62]" name="updateResult" is-config="true" duration-ms="286" started-at="2017-07-20T17:16:52Z" finished-at="2017-07-20T17:16:52Z">
          <params>
            <param index="0">
              <value>
                <![CDATA[[TestResult name=CatLogicTC status=SUCCESS method=LoginTC.CatLogicTC()[pri:0, instance:com.lrn.cat.tc.LoginTC@2f8f5f62] output={null}]]]>
              </value>
            </param>
          </params>
          <reporter-output>
          </reporter-output>
        </test-method> <!-- updateResult -->
      </class> <!-- com.lrn.cat.tc.LoginTC -->
      <class name="com.lrn.cat.tc.LCECLogoutTC">
        <test-method status="PASS" signature="CatLCECLogout()[pri:0, instance:com.lrn.cat.tc.LCECLogoutTC@aecb35a]" name="CatLCECLogout" duration-ms="4183" started-at="2017-07-20T17:24:58Z" finished-at="2017-07-20T17:25:02Z">
          <reporter-output>
          </reporter-output>
        </test-method> <!-- CatLCECLogout -->
        <test-method status="PASS" signature="updateResult(org.testng.ITestResult)[pri:0, instance:com.lrn.cat.tc.LCECLogoutTC@aecb35a]" name="updateResult" is-config="true" duration-ms="22" started-at="2017-07-20T17:25:02Z" finished-at="2017-07-20T17:25:02Z">
          <params>
            <param index="0">
              <value>
                <![CDATA[[TestResult name=CatLCECLogout status=SUCCESS method=LCECLogoutTC.CatLCECLogout()[pri:0, instance:com.lrn.cat.tc.LCECLogoutTC@aecb35a] output={null}]]]>
              </value>
            </param>
          </params>
          <reporter-output>
          </reporter-output>
        </test-method> <!-- updateResult -->
      </class> <!-- com.lrn.cat.tc.LCECLogoutTC -->
      <class name="com.lrn.cat.tc.AfterSaveAndExitTC">
        <test-method status="PASS" signature="aferSaveAndExit()[pri:0, instance:com.lrn.cat.tc.AfterSaveAndExitTC@80169cf]" name="aferSaveAndExit" duration-ms="19669" started-at="2017-07-20T17:24:38Z" finished-at="2017-07-20T17:24:58Z">
          <reporter-output>
          </reporter-output>
        </test-method> <!-- aferSaveAndExit -->
        <test-method status="PASS" signature="updateResult(org.testng.ITestResult)[pri:0, instance:com.lrn.cat.tc.AfterSaveAndExitTC@80169cf]" name="updateResult" is-config="true" duration-ms="23" started-at="2017-07-20T17:24:58Z" finished-at="2017-07-20T17:24:58Z">
          <params>
            <param index="0">
              <value>
                <![CDATA[[TestResult name=aferSaveAndExit status=SUCCESS method=AfterSaveAndExitTC.aferSaveAndExit()[pri:0, instance:com.lrn.cat.tc.AfterSaveAndExitTC@80169cf] output={null}]]]>
              </value>
            </param>
          </params>
          <reporter-output>
          </reporter-output>
        </test-method> <!-- updateResult -->
      </class> <!-- com.lrn.cat.tc.AfterSaveAndExitTC -->
      <class name="com.lrn.cat.tc.ResetTestTC">
        <test-method status="PASS" signature="CatResetTest()[pri:0, instance:com.lrn.cat.tc.ResetTestTC@4bb4de6a]" name="CatResetTest" duration-ms="16661" started-at="2017-07-20T17:16:52Z" finished-at="2017-07-20T17:17:09Z">
          <reporter-output>
          </reporter-output>
        </test-method> <!-- CatResetTest -->
        <test-method status="PASS" signature="updateResult(org.testng.ITestResult)[pri:0, instance:com.lrn.cat.tc.ResetTestTC@4bb4de6a]" name="updateResult" is-config="true" duration-ms="46" started-at="2017-07-20T17:17:09Z" finished-at="2017-07-20T17:17:09Z">
          <params>
            <param index="0">
              <value>
                <![CDATA[[TestResult name=CatResetTest status=SUCCESS method=ResetTestTC.CatResetTest()[pri:0, instance:com.lrn.cat.tc.ResetTestTC@4bb4de6a] output={null}]]]>
              </value>
            </param>
          </params>
          <reporter-output>
          </reporter-output>
        </test-method> <!-- updateResult -->
      </class> <!-- com.lrn.cat.tc.ResetTestTC -->
      <class name="com.lrn.cat.tc.CreateCourseTC">
        <test-method status="PASS" signature="CatCreateCourseTC()[pri:0, instance:com.lrn.cat.tc.CreateCourseTC@6483f5ae]" name="CatCreateCourseTC" duration-ms="16184" started-at="2017-07-20T17:17:09Z" finished-at="2017-07-20T17:17:25Z">
          <reporter-output>
          </reporter-output>
        </test-method> <!-- CatCreateCourseTC -->
        <test-method status="PASS" signature="updateResult(org.testng.ITestResult)[pri:0, instance:com.lrn.cat.tc.CreateCourseTC@6483f5ae]" name="updateResult" is-config="true" duration-ms="43" started-at="2017-07-20T17:17:25Z" finished-at="2017-07-20T17:17:25Z">
          <params>
            <param index="0">
              <value>
                <![CDATA[[TestResult name=CatCreateCourseTC status=SUCCESS method=CreateCourseTC.CatCreateCourseTC()[pri:0, instance:com.lrn.cat.tc.CreateCourseTC@6483f5ae] output={null}]]]>
              </value>
            </param>
          </params>
          <reporter-output>
          </reporter-output>
        </test-method> <!-- updateResult -->
      </class> <!-- com.lrn.cat.tc.CreateCourseTC -->
      <class name="com.lrn.cat.tc.EditConcernTemplateTC">
        <test-method status="PASS" signature="CatEditConcerntTemplateTC()[pri:0, instance:com.lrn.cat.tc.EditConcernTemplateTC@382db087]" name="CatEditConcerntTemplateTC" duration-ms="141163" started-at="2017-07-20T17:18:00Z" finished-at="2017-07-20T17:20:21Z">
          <reporter-output>
          </reporter-output>
        </test-method> <!-- CatEditConcerntTemplateTC -->
        <test-method status="PASS" signature="updateResult(org.testng.ITestResult)[pri:0, instance:com.lrn.cat.tc.EditConcernTemplateTC@382db087]" name="updateResult" is-config="true" duration-ms="24" started-at="2017-07-20T17:20:21Z" finished-at="2017-07-20T17:20:21Z">
          <params>
            <param index="0">
              <value>
                <![CDATA[[TestResult name=CatEditConcerntTemplateTC status=SUCCESS method=EditConcernTemplateTC.CatEditConcerntTemplateTC()[pri:0, instance:com.lrn.cat.tc.EditConcernTemplateTC@382db087] output={null}]]]>
              </value>
            </param>
          </params>
          <reporter-output>
          </reporter-output>
        </test-method> <!-- updateResult -->
      </class> <!-- com.lrn.cat.tc.EditConcernTemplateTC -->
    </test> <!-- SanityCheck -->
  </suite> <!-- Suite -->
</testng-results>
