<?xml version="1.0" encoding="UTF-8"?>
<!-- Generated by org.testng.reporters.JUnitReportReporter -->
<testsuite hostname="WW7L4117" name="com.lrn.html5.templates.Videoltr" tests="3" failures="0" timestamp="21 Aug 2017 23:45:37 GMT" time="12.242" errors="0">
  <testcase name="NEXT" time="6.097" classname="com.lrn.html5.templates.Videoltr"/>
  <testcase name="videoPage" time="4.216" classname="com.lrn.html5.templates.Videoltr"/>
  <testcase name="Bulletin" time="1.929" classname="com.lrn.html5.templates.Videoltr"/>
</testsuite> <!-- com.lrn.html5.templates.Videoltr -->
